VirtualBox VM 5.1.30 r118389 linux.amd64 (Oct 16 2017 11:45:33) release log
00:00:00.282649 Log opened 2018-10-04T02:50:30.077262000Z
00:00:00.282650 Build Type: release
00:00:00.282653 OS Product: Linux
00:00:00.282654 OS Release: 4.9.0-8-amd64
00:00:00.282655 OS Version: #1 SMP Debian 4.9.110-3+deb9u4 (2018-08-21)
00:00:00.282677 DMI Product Name: 20H3A014CD
00:00:00.282684 DMI Product Version: ThinkPad E470c
00:00:00.282717 Host RAM: 7890MB (7.7GB) total, 5434MB (5.3GB) available
00:00:00.282721 Executable: /usr/lib/virtualbox/VirtualBox
00:00:00.282721 Process ID: 2118
00:00:00.282722 Package type: LINUX_64BITS_DEBIAN_8_0
00:00:00.292484 Installed Extension Packs:
00:00:00.292503   None installed!
00:00:00.293152 Console: Machine state changed to 'Starting'
00:00:00.293493 Qt version: 5.7.1
00:00:00.293515 X11 Window Manager code: 2
00:00:00.301201 SUP: Loaded VMMR0.r0 (/usr/lib/virtualbox/VMMR0.r0) at 0xXXXXXXXXXXXXXXXX - ModuleInit at XXXXXXXXXXXXXXXX and ModuleTerm at XXXXXXXXXXXXXXXX
00:00:00.301229 SUP: VMMR0EntryEx located at XXXXXXXXXXXXXXXX and VMMR0EntryFast at XXXXXXXXXXXXXXXX
00:00:00.304189 GUI: UIMediumEnumerator: Medium-enumeration finished!
00:00:00.304521 Guest OS type: 'Other'
00:00:00.307820 X Server details: vendor: The X.Org Foundation, release: 11902000, protocol version: 11.0, display string: :0
00:00:00.307841 Using XKB for keycode to scan code conversion
00:00:00.310159 GUI: UIDesktopWidgetWatchdog::sltHandleHostScreenAvailableGeometryCalculated: Screen 0 work area is actually resized to: 0x27 x 1366x708
00:00:00.324816 File system of '/home/hyan23/Documents/C_Proj/tree/TREE/Snapshots' (snapshots) is unknown
00:00:00.324830 File system of '/home/hyan23/Documents/C_Proj/tree/TREE/TREE.vhd' is ext4
00:00:00.342006 Shared clipboard service loaded
00:00:00.342021 Shared clipboard mode: Off
00:00:00.343025 Drag and drop service loaded
00:00:00.343038 Drag and drop mode: Off
00:00:00.345296 Guest Control service loaded
00:00:00.349564 ************************* CFGM dump *************************
00:00:00.349573 [/] (level 0)
00:00:00.349587   CSAMEnabled       <integer> = 0x0000000000000001 (1)
00:00:00.349592   CpuExecutionCap   <integer> = 0x0000000000000064 (100)
00:00:00.349594   EnablePAE         <integer> = 0x0000000000000000 (0)
00:00:00.349595   HMEnabled         <integer> = 0x0000000000000001 (1)
00:00:00.349596   MemBalloonSize    <integer> = 0x0000000000000000 (0)
00:00:00.349597   Name              <string>  = "TREE" (cb=5)
00:00:00.349598   NumCPUs           <integer> = 0x0000000000000001 (1)
00:00:00.349600   PATMEnabled       <integer> = 0x0000000000000001 (1)
00:00:00.349601   PageFusionAllowed <integer> = 0x0000000000000000 (0)
00:00:00.349602   RamHoleSize       <integer> = 0x0000000020000000 (536 870 912, 512 MB)
00:00:00.349604   RamSize           <integer> = 0x0000000004000000 (67 108 864, 64 MB)
00:00:00.349606   RawR0Enabled      <integer> = 0x0000000000000001 (1)
00:00:00.349607   RawR3Enabled      <integer> = 0x0000000000000001 (1)
00:00:00.349608   TimerMillies      <integer> = 0x000000000000000a (10)
00:00:00.349609   UUID              <bytes>   = "9a cc 65 3a e5 1d 48 40 96 eb 4b 09 ae c9 01 78" (cb=16)
00:00:00.349613 
00:00:00.349618 [/CPUM/] (level 1)
00:00:00.349620   GuestCpuName       <string>  = "host" (cb=5)
00:00:00.349621   PortableCpuIdLevel <integer> = 0x0000000000000000 (0)
00:00:00.349622 
00:00:00.349626 [/DBGC/] (level 1)
00:00:00.349627   GlobalInitScript <string>  = "/home/hyan23/.config/VirtualBox/dbgc-init" (cb=42)
00:00:00.349628   HistoryFile      <string>  = "/home/hyan23/.config/VirtualBox/dbgc-history" (cb=45)
00:00:00.349629   LocalInitScript  <string>  = "/home/hyan23/Documents/C_Proj/tree/TREE/dbgc-init" (cb=50)
00:00:00.349631 
00:00:00.349631 [/DBGF/] (level 1)
00:00:00.349632   Path <string>  = "/home/hyan23/Documents/C_Proj/tree/TREE/debug/;/home/hyan23/Documents/C_Proj/tree/TREE/;/home/hyan23/" (cb=102)
00:00:00.349633 
00:00:00.349634 [/Devices/] (level 1)
00:00:00.349635 
00:00:00.349636 [/Devices/8237A/] (level 2)
00:00:00.349637 
00:00:00.349638 [/Devices/8237A/0/] (level 3)
00:00:00.349639   Trusted <integer> = 0x0000000000000001 (1)
00:00:00.349640 
00:00:00.349641 [/Devices/VMMDev/] (level 2)
00:00:00.349642 
00:00:00.349642 [/Devices/VMMDev/0/] (level 3)
00:00:00.349644   PCIBusNo      <integer> = 0x0000000000000000 (0)
00:00:00.349645   PCIDeviceNo   <integer> = 0x0000000000000004 (4)
00:00:00.349646   PCIFunctionNo <integer> = 0x0000000000000000 (0)
00:00:00.349647   Trusted       <integer> = 0x0000000000000001 (1)
00:00:00.349648 
00:00:00.349649 [/Devices/VMMDev/0/Config/] (level 4)
00:00:00.349650   GuestCoreDumpDir <string>  = "/home/hyan23/Documents/C_Proj/tree/TREE/Snapshots" (cb=50)
00:00:00.349651 
00:00:00.349652 [/Devices/VMMDev/0/LUN#0/] (level 4)
00:00:00.349653   Driver <string>  = "HGCM" (cb=5)
00:00:00.349654 
00:00:00.349655 [/Devices/VMMDev/0/LUN#0/Config/] (level 5)
00:00:00.349657   Object <integer> = 0x00007fbe0c000910 (140 454 221 842 704)
00:00:00.349659 
00:00:00.349659 [/Devices/VMMDev/0/LUN#999/] (level 4)
00:00:00.349661   Driver <string>  = "MainStatus" (cb=11)
00:00:00.349662 
00:00:00.349662 [/Devices/VMMDev/0/LUN#999/Config/] (level 5)
00:00:00.349664   First   <integer> = 0x0000000000000000 (0)
00:00:00.349665   Last    <integer> = 0x0000000000000000 (0)
00:00:00.349666   papLeds <integer> = 0x00007fbe34003908 (140 454 892 943 624)
00:00:00.349668 
00:00:00.349669 [/Devices/acpi/] (level 2)
00:00:00.349670 
00:00:00.349671 [/Devices/acpi/0/] (level 3)
00:00:00.349672   PCIBusNo      <integer> = 0x0000000000000000 (0)
00:00:00.349674   PCIDeviceNo   <integer> = 0x0000000000000007 (7)
00:00:00.349675   PCIFunctionNo <integer> = 0x0000000000000000 (0)
00:00:00.349676   Trusted       <integer> = 0x0000000000000001 (1)
00:00:00.349677 
00:00:00.349677 [/Devices/acpi/0/Config/] (level 4)
00:00:00.349679   CpuHotPlug          <integer> = 0x0000000000000000 (0)
00:00:00.349681   FdcEnabled          <integer> = 0x0000000000000000 (0)
00:00:00.349682   HostBusPciAddress   <integer> = 0x0000000000000000 (0)
00:00:00.349683   HpetEnabled         <integer> = 0x0000000000000000 (0)
00:00:00.349684   IOAPIC              <integer> = 0x0000000000000000 (0)
00:00:00.349685   IocPciAddress       <integer> = 0x0000000000010000 (65 536)
00:00:00.349687   NumCPUs             <integer> = 0x0000000000000001 (1)
00:00:00.349688   Parallel0IoPortBase <integer> = 0x0000000000000000 (0)
00:00:00.349689   Parallel0Irq        <integer> = 0x0000000000000000 (0)
00:00:00.349690   Parallel1IoPortBase <integer> = 0x0000000000000000 (0)
00:00:00.349691   Parallel1Irq        <integer> = 0x0000000000000000 (0)
00:00:00.349692   Serial0IoPortBase   <integer> = 0x0000000000000000 (0)
00:00:00.349694   Serial0Irq          <integer> = 0x0000000000000000 (0)
00:00:00.349695   Serial1IoPortBase   <integer> = 0x0000000000000000 (0)
00:00:00.349695   Serial1Irq          <integer> = 0x0000000000000000 (0)
00:00:00.349697   ShowCpu             <integer> = 0x0000000000000000 (0)
00:00:00.349698   ShowRtc             <integer> = 0x0000000000000000 (0)
00:00:00.349699   SmcEnabled          <integer> = 0x0000000000000000 (0)
00:00:00.349700 
00:00:00.349701 [/Devices/acpi/0/LUN#0/] (level 4)
00:00:00.349703   Driver <string>  = "ACPIHost" (cb=9)
00:00:00.349704 
00:00:00.349704 [/Devices/acpi/0/LUN#0/Config/] (level 5)
00:00:00.349706 
00:00:00.349707 [/Devices/apic/] (level 2)
00:00:00.349708 
00:00:00.349709 [/Devices/apic/0/] (level 3)
00:00:00.349710   Trusted <integer> = 0x0000000000000001 (1)
00:00:00.349711 
00:00:00.349712 [/Devices/apic/0/Config/] (level 4)
00:00:00.349714   IOAPIC  <integer> = 0x0000000000000000 (0)
00:00:00.349715   Mode    <integer> = 0x0000000000000002 (2)
00:00:00.349716   NumCPUs <integer> = 0x0000000000000001 (1)
00:00:00.349717 
00:00:00.349717 [/Devices/e1000/] (level 2)
00:00:00.349719 
00:00:00.349719 [/Devices/i8254/] (level 2)
00:00:00.349721 
00:00:00.349721 [/Devices/i8254/0/] (level 3)
00:00:00.349723 
00:00:00.349724 [/Devices/i8254/0/Config/] (level 4)
00:00:00.349726 
00:00:00.349726 [/Devices/i8259/] (level 2)
00:00:00.349728 
00:00:00.349728 [/Devices/i8259/0/] (level 3)
00:00:00.349730   Trusted <integer> = 0x0000000000000001 (1)
00:00:00.349731 
00:00:00.349732 [/Devices/i8259/0/Config/] (level 4)
00:00:00.349733 
00:00:00.349734 [/Devices/ichac97/] (level 2)
00:00:00.349735 
00:00:00.349736 [/Devices/ichac97/0/] (level 3)
00:00:00.349737   PCIBusNo      <integer> = 0x0000000000000000 (0)
00:00:00.349738   PCIDeviceNo   <integer> = 0x0000000000000005 (5)
00:00:00.349739   PCIFunctionNo <integer> = 0x0000000000000000 (0)
00:00:00.349740   Trusted       <integer> = 0x0000000000000001 (1)
00:00:00.349741 
00:00:00.349741 [/Devices/ichac97/0/AudioConfig/] (level 4)
00:00:00.349743 
00:00:00.349744 [/Devices/ichac97/0/Config/] (level 4)
00:00:00.349745   Codec <string>  = "STAC9700" (cb=9)
00:00:00.349746 
00:00:00.349747 [/Devices/ichac97/0/LUN#0/] (level 4)
00:00:00.349749   Driver <string>  = "AUDIO" (cb=6)
00:00:00.349750 
00:00:00.349750 [/Devices/ichac97/0/LUN#0/AttachedDriver/] (level 5)
00:00:00.349752   Driver <string>  = "PulseAudio" (cb=11)
00:00:00.349753 
00:00:00.349754 [/Devices/ichac97/0/LUN#0/AttachedDriver/Config/] (level 6)
00:00:00.349756   StreamName <string>  = "TREE" (cb=5)
00:00:00.349757 
00:00:00.349757 [/Devices/ichac97/0/LUN#0/Config/] (level 5)
00:00:00.349759 
00:00:00.349760 [/Devices/ichac97/0/LUN#1/] (level 4)
00:00:00.349761   Driver <string>  = "AUDIO" (cb=6)
00:00:00.349762 
00:00:00.349763 [/Devices/ichac97/0/LUN#1/AttachedDriver/] (level 5)
00:00:00.349764   Driver <string>  = "AudioVRDE" (cb=10)
00:00:00.349765 
00:00:00.349766 [/Devices/ichac97/0/LUN#1/AttachedDriver/Config/] (level 6)
00:00:00.349768   AudioDriver      <string>  = "AudioVRDE" (cb=10)
00:00:00.349773   Object           <integer> = 0x00007fbe3400c380 (140 454 892 979 072)
00:00:00.349775   ObjectVRDPServer <integer> = 0x00007fbe3400c7b0 (140 454 892 980 144)
00:00:00.349777   StreamName       <string>  = "TREE" (cb=5)
00:00:00.349778 
00:00:00.349779 [/Devices/mc146818/] (level 2)
00:00:00.349780 
00:00:00.349780 [/Devices/mc146818/0/] (level 3)
00:00:00.349782 
00:00:00.349782 [/Devices/mc146818/0/Config/] (level 4)
00:00:00.349784   UseUTC <integer> = 0x0000000000000000 (0)
00:00:00.349785 
00:00:00.349785 [/Devices/parallel/] (level 2)
00:00:00.349787 
00:00:00.349787 [/Devices/pcarch/] (level 2)
00:00:00.349789 
00:00:00.349789 [/Devices/pcarch/0/] (level 3)
00:00:00.349790   Trusted <integer> = 0x0000000000000001 (1)
00:00:00.349791 
00:00:00.349792 [/Devices/pcarch/0/Config/] (level 4)
00:00:00.349794 
00:00:00.349794 [/Devices/pcbios/] (level 2)
00:00:00.349796 
00:00:00.349797 [/Devices/pcbios/0/] (level 3)
00:00:00.349798   Trusted <integer> = 0x0000000000000001 (1)
00:00:00.349799 
00:00:00.349800 [/Devices/pcbios/0/Config/] (level 4)
00:00:00.349802   APIC           <integer> = 0x0000000000000001 (1)
00:00:00.349803   BootDevice0    <string>  = "IDE" (cb=4)
00:00:00.349804   BootDevice1    <string>  = "NONE" (cb=5)
00:00:00.349805   BootDevice2    <string>  = "NONE" (cb=5)
00:00:00.349806   BootDevice3    <string>  = "NONE" (cb=5)
00:00:00.349807   FloppyDevice   <string>  = "i82078" (cb=7)
00:00:00.349808   HardDiskDevice <string>  = "piix3ide" (cb=9)
00:00:00.349809   IOAPIC         <integer> = 0x0000000000000000 (0)
00:00:00.349810   McfgBase       <integer> = 0x0000000000000000 (0)
00:00:00.349811   McfgLength     <integer> = 0x0000000000000000 (0)
00:00:00.349812   NumCPUs        <integer> = 0x0000000000000001 (1)
00:00:00.349813   PXEDebug       <integer> = 0x0000000000000000 (0)
00:00:00.349814   UUID           <bytes>   = "9a cc 65 3a e5 1d 48 40 96 eb 4b 09 ae c9 01 78" (cb=16)
00:00:00.349818 
00:00:00.349818 [/Devices/pcbios/0/Config/NetBoot/] (level 5)
00:00:00.349820 
00:00:00.349821 [/Devices/pcbios/0/Config/NetBoot/0/] (level 6)
00:00:00.349823   NIC           <integer> = 0x0000000000000000 (0)
00:00:00.349824   PCIBusNo      <integer> = 0x0000000000000000 (0)
00:00:00.349825   PCIDeviceNo   <integer> = 0x0000000000000003 (3)
00:00:00.349826   PCIFunctionNo <integer> = 0x0000000000000000 (0)
00:00:00.349827 
00:00:00.349828 [/Devices/pci/] (level 2)
00:00:00.349829 
00:00:00.349829 [/Devices/pci/0/] (level 3)
00:00:00.349831   Trusted <integer> = 0x0000000000000001 (1)
00:00:00.349832 
00:00:00.349832 [/Devices/pci/0/Config/] (level 4)
00:00:00.349834   IOAPIC <integer> = 0x0000000000000000 (0)
00:00:00.349835 
00:00:00.349835 [/Devices/pckbd/] (level 2)
00:00:00.349837 
00:00:00.349837 [/Devices/pckbd/0/] (level 3)
00:00:00.349838   Trusted <integer> = 0x0000000000000001 (1)
00:00:00.349839 
00:00:00.349840 [/Devices/pckbd/0/Config/] (level 4)
00:00:00.349841 
00:00:00.349842 [/Devices/pckbd/0/LUN#0/] (level 4)
00:00:00.349843   Driver <string>  = "KeyboardQueue" (cb=14)
00:00:00.349844 
00:00:00.349845 [/Devices/pckbd/0/LUN#0/AttachedDriver/] (level 5)
00:00:00.349847   Driver <string>  = "MainKeyboard" (cb=13)
00:00:00.349847 
00:00:00.349848 [/Devices/pckbd/0/LUN#0/AttachedDriver/Config/] (level 6)
00:00:00.349850   Object <integer> = 0x00007fbe34007240 (140 454 892 958 272)
00:00:00.349851 
00:00:00.349852 [/Devices/pckbd/0/LUN#0/Config/] (level 5)
00:00:00.349854   QueueSize <integer> = 0x0000000000000040 (64)
00:00:00.349855 
00:00:00.349856 [/Devices/pckbd/0/LUN#1/] (level 4)
00:00:00.349857   Driver <string>  = "MouseQueue" (cb=11)
00:00:00.349858 
00:00:00.349859 [/Devices/pckbd/0/LUN#1/AttachedDriver/] (level 5)
00:00:00.349860   Driver <string>  = "MainMouse" (cb=10)
00:00:00.349861 
00:00:00.349862 [/Devices/pckbd/0/LUN#1/AttachedDriver/Config/] (level 6)
00:00:00.349864   Object <integer> = 0x00007fbe34007a70 (140 454 892 960 368)
00:00:00.349865 
00:00:00.349866 [/Devices/pckbd/0/LUN#1/Config/] (level 5)
00:00:00.349868   QueueSize <integer> = 0x0000000000000080 (128)
00:00:00.349869 
00:00:00.349870 [/Devices/pcnet/] (level 2)
00:00:00.349871 
00:00:00.349872 [/Devices/pcnet/0/] (level 3)
00:00:00.349873   PCIBusNo      <integer> = 0x0000000000000000 (0)
00:00:00.349874   PCIDeviceNo   <integer> = 0x0000000000000003 (3)
00:00:00.349875   PCIFunctionNo <integer> = 0x0000000000000000 (0)
00:00:00.349876   Trusted       <integer> = 0x0000000000000001 (1)
00:00:00.349877 
00:00:00.349878 [/Devices/pcnet/0/Config/] (level 4)
00:00:00.349880   Am79C973       <integer> = 0x0000000000000001 (1)
00:00:00.349881   CableConnected <integer> = 0x0000000000000001 (1)
00:00:00.349882   LineSpeed      <integer> = 0x0000000000000000 (0)
00:00:00.349883   MAC            <bytes>   = "08 00 27 64 ee f6" (cb=6)
00:00:00.349885 
00:00:00.349886 [/Devices/pcnet/0/LUN#0/] (level 4)
00:00:00.349887   Driver <string>  = "NAT" (cb=4)
00:00:00.349889 
00:00:00.349889 [/Devices/pcnet/0/LUN#0/Config/] (level 5)
00:00:00.349892   AliasMode       <integer> = 0x0000000000000000 (0)
00:00:00.349893   BootFile        <string>  = "TREE.pxe" (cb=9)
00:00:00.349894   DNSProxy        <integer> = 0x0000000000000000 (0)
00:00:00.349895   Network         <string>  = "10.0.2.0/24" (cb=12)
00:00:00.349896   PassDomain      <integer> = 0x0000000000000001 (1)
00:00:00.349898   TFTPPrefix      <string>  = "/home/hyan23/.config/VirtualBox/TFTP" (cb=37)
00:00:00.349899   UseHostResolver <integer> = 0x0000000000000000 (0)
00:00:00.349900 
00:00:00.349900 [/Devices/pcnet/0/LUN#999/] (level 4)
00:00:00.349902   Driver <string>  = "MainStatus" (cb=11)
00:00:00.349902 
00:00:00.349903 [/Devices/pcnet/0/LUN#999/Config/] (level 5)
00:00:00.349904   First   <integer> = 0x0000000000000000 (0)
00:00:00.349905   Last    <integer> = 0x0000000000000000 (0)
00:00:00.349906   papLeds <integer> = 0x00007fbe340037e8 (140 454 892 943 336)
00:00:00.349908 
00:00:00.349908 [/Devices/piix3ide/] (level 2)
00:00:00.349910 
00:00:00.349910 [/Devices/piix3ide/0/] (level 3)
00:00:00.349912   PCIBusNo      <integer> = 0x0000000000000000 (0)
00:00:00.349913   PCIDeviceNo   <integer> = 0x0000000000000001 (1)
00:00:00.349914   PCIFunctionNo <integer> = 0x0000000000000001 (1)
00:00:00.349915   Trusted       <integer> = 0x0000000000000001 (1)
00:00:00.349916 
00:00:00.349916 [/Devices/piix3ide/0/Config/] (level 4)
00:00:00.349918   Type <string>  = "PIIX4" (cb=6)
00:00:00.349919 
00:00:00.349919 [/Devices/piix3ide/0/Config/PrimaryMaster/] (level 5)
00:00:00.349921   NonRotationalMedium <integer> = 0x0000000000000000 (0)
00:00:00.349922 
00:00:00.349922 [/Devices/piix3ide/0/LUN#0/] (level 4)
00:00:00.349924   Driver <string>  = "VD" (cb=3)
00:00:00.349925 
00:00:00.349925 [/Devices/piix3ide/0/LUN#0/Config/] (level 5)
00:00:00.349927   Format    <string>  = "VHD" (cb=4)
00:00:00.349928   Mountable <integer> = 0x0000000000000000 (0)
00:00:00.349929   Path      <string>  = "/home/hyan23/Documents/C_Proj/tree/TREE/TREE.vhd" (cb=49)
00:00:00.349930   Type      <string>  = "HardDisk" (cb=9)
00:00:00.349931 
00:00:00.349931 [/Devices/piix3ide/0/LUN#999/] (level 4)
00:00:00.349933   Driver <string>  = "MainStatus" (cb=11)
00:00:00.349934 
00:00:00.349934 [/Devices/piix3ide/0/LUN#999/Config/] (level 5)
00:00:00.349936   DeviceInstance        <string>  = "piix3ide/0" (cb=11)
00:00:00.349937   First                 <integer> = 0x0000000000000000 (0)
00:00:00.349938   Last                  <integer> = 0x0000000000000003 (3)
00:00:00.349939   pConsole              <integer> = 0x00007fbe34003130 (140 454 892 941 616)
00:00:00.349941   papLeds               <integer> = 0x00007fbe340034e8 (140 454 892 942 568)
00:00:00.349943   pmapMediumAttachments <integer> = 0x00007fbe34003928 (140 454 892 943 656)
00:00:00.349945 
00:00:00.349945 [/Devices/serial/] (level 2)
00:00:00.349947 
00:00:00.349947 [/Devices/usb-ohci/] (level 2)
00:00:00.349949 
00:00:00.349949 [/Devices/usb-ohci/0/] (level 3)
00:00:00.349951   PCIBusNo      <integer> = 0x0000000000000000 (0)
00:00:00.349952   PCIDeviceNo   <integer> = 0x0000000000000006 (6)
00:00:00.349953   PCIFunctionNo <integer> = 0x0000000000000000 (0)
00:00:00.349954   Trusted       <integer> = 0x0000000000000001 (1)
00:00:00.349955 
00:00:00.349956 [/Devices/usb-ohci/0/Config/] (level 4)
00:00:00.349957 
00:00:00.349958 [/Devices/usb-ohci/0/LUN#0/] (level 4)
00:00:00.349959   Driver <string>  = "VUSBRootHub" (cb=12)
00:00:00.349960 
00:00:00.349961 [/Devices/usb-ohci/0/LUN#0/Config/] (level 5)
00:00:00.349962 
00:00:00.349963 [/Devices/usb-ohci/0/LUN#999/] (level 4)
00:00:00.349964   Driver <string>  = "MainStatus" (cb=11)
00:00:00.349965 
00:00:00.349965 [/Devices/usb-ohci/0/LUN#999/Config/] (level 5)
00:00:00.349967   First   <integer> = 0x0000000000000000 (0)
00:00:00.349968   Last    <integer> = 0x0000000000000000 (0)
00:00:00.349969   papLeds <integer> = 0x00007fbe34003910 (140 454 892 943 632)
00:00:00.349971 
00:00:00.349971 [/Devices/vga/] (level 2)
00:00:00.349973 
00:00:00.349973 [/Devices/vga/0/] (level 3)
00:00:00.349974   PCIBusNo      <integer> = 0x0000000000000000 (0)
00:00:00.349976   PCIDeviceNo   <integer> = 0x0000000000000002 (2)
00:00:00.349977   PCIFunctionNo <integer> = 0x0000000000000000 (0)
00:00:00.349977   Trusted       <integer> = 0x0000000000000001 (1)
00:00:00.349978 
00:00:00.349979 [/Devices/vga/0/Config/] (level 4)
00:00:00.349981   CustomVideoModes <integer> = 0x0000000000000000 (0)
00:00:00.349982   FadeIn           <integer> = 0x0000000000000001 (1)
00:00:00.349984   FadeOut          <integer> = 0x0000000000000001 (1)
00:00:00.349985   HeightReduction  <integer> = 0x0000000000000000 (0)
00:00:00.349985   LogoFile         <string>  = "" (cb=1)
00:00:00.349986   LogoTime         <integer> = 0x0000000000000000 (0)
00:00:00.349987   MonitorCount     <integer> = 0x0000000000000001 (1)
00:00:00.349988   ShowBootMenu     <integer> = 0x0000000000000002 (2)
00:00:00.349989   VRamSize         <integer> = 0x0000000000600000 (6 291 456, 6 MB)
00:00:00.349991 
00:00:00.349992 [/Devices/vga/0/LUN#0/] (level 4)
00:00:00.349993   Driver <string>  = "MainDisplay" (cb=12)
00:00:00.349994 
00:00:00.349994 [/Devices/vga/0/LUN#0/Config/] (level 5)
00:00:00.349996   Object <integer> = 0x00007fbe34008630 (140 454 892 963 376)
00:00:00.349997 
00:00:00.349998 [/Devices/vga/0/LUN#999/] (level 4)
00:00:00.349999   Driver <string>  = "MainStatus" (cb=11)
00:00:00.350000 
00:00:00.350001 [/Devices/vga/0/LUN#999/Config/] (level 5)
00:00:00.350002   First   <integer> = 0x0000000000000000 (0)
00:00:00.350004   Last    <integer> = 0x0000000000000000 (0)
00:00:00.350005   papLeds <integer> = 0x00007fbe34003920 (140 454 892 943 648)
00:00:00.350006 
00:00:00.350007 [/Devices/virtio-net/] (level 2)
00:00:00.350008 
00:00:00.350009 [/EM/] (level 1)
00:00:00.350011   TripleFaultReset <integer> = 0x0000000000000000 (0)
00:00:00.350012 
00:00:00.350012 [/GIM/] (level 1)
00:00:00.350013   Provider <string>  = "None" (cb=5)
00:00:00.350014 
00:00:00.350015 [/HM/] (level 1)
00:00:00.350016   64bitEnabled       <integer> = 0x0000000000000000 (0)
00:00:00.350017   EnableLargePages   <integer> = 0x0000000000000000 (0)
00:00:00.350018   EnableNestedPaging <integer> = 0x0000000000000001 (1)
00:00:00.350019   EnableUX           <integer> = 0x0000000000000001 (1)
00:00:00.350020   EnableVPID         <integer> = 0x0000000000000001 (1)
00:00:00.350021   Exclusive          <integer> = 0x0000000000000001 (1)
00:00:00.350023   HMForced           <integer> = 0x0000000000000000 (0)
00:00:00.350024 
00:00:00.350024 [/MM/] (level 1)
00:00:00.350025   CanUseLargerHeap <integer> = 0x0000000000000000 (0)
00:00:00.350026 
00:00:00.350027 [/PDM/] (level 1)
00:00:00.350028 
00:00:00.350028 [/PDM/AsyncCompletion/] (level 2)
00:00:00.350030 
00:00:00.350030 [/PDM/AsyncCompletion/File/] (level 3)
00:00:00.350032 
00:00:00.350032 [/PDM/AsyncCompletion/File/BwGroups/] (level 4)
00:00:00.350034 
00:00:00.350035 [/PDM/BlkCache/] (level 2)
00:00:00.350036   CacheSize <integer> = 0x0000000000500000 (5 242 880, 5 MB)
00:00:00.350037 
00:00:00.350038 [/PDM/Devices/] (level 2)
00:00:00.350039 
00:00:00.350040 [/PDM/Drivers/] (level 2)
00:00:00.350041 
00:00:00.350042 [/PDM/Drivers/VBoxC/] (level 3)
00:00:00.350043   Path <string>  = "/usr/lib/virtualbox/components/VBoxC" (cb=37)
00:00:00.350044 
00:00:00.350044 [/PDM/NetworkShaper/] (level 2)
00:00:00.350046 
00:00:00.350046 [/PDM/NetworkShaper/BwGroups/] (level 3)
00:00:00.350048 
00:00:00.350048 [/TM/] (level 1)
00:00:00.350050   UTCOffset <integer> = 0x0000000000000000 (0)
00:00:00.350050 
00:00:00.350051 [/USB/] (level 1)
00:00:00.350052 
00:00:00.350053 [/USB/USBProxy/] (level 2)
00:00:00.350054 
00:00:00.350055 [/USB/USBProxy/GlobalConfig/] (level 3)
00:00:00.350056 
00:00:00.350057 ********************* End of CFGM dump **********************
00:00:00.350082 VM: fHMEnabled=true  (configured) fRecompileUser=false fRecompileSupervisor=false
00:00:00.350085 VM: fRawRing1Enabled=false CSAM=true  PATM=true 
00:00:00.350230 HM: HMR3Init: VT-x w/ nested paging and unrestricted guest execution hw support
00:00:00.350278 MM: cbHyperHeap=0x100000 (1048576)
00:00:00.351054 CPUM: fXStateHostMask=0x7; initial: 0x7; host XCR0=0x1f
00:00:00.352241 CPUM: Matched host CPU INTEL 0x6/0x4e/0x3 Intel_Core7_Skylake with CPU DB entry 'Intel Core i7-6700K' (INTEL 0x6/0x5e/0x3 Intel_Core7_Skylake)
00:00:00.352296 CPUM: MXCSR_MASK=0xffff (host: 0xffff)
00:00:00.352315 CPUM: Microcode revision 0x000000BA
00:00:00.352367 CPUM: VCPU  0: Cached APIC base MSR = 0x0
00:00:00.352777 PGM: HCPhysInterPD=0000000022ee3000 HCPhysInterPaePDPT=00000000c49af000 HCPhysInterPaePML4=0000000022ec1000
00:00:00.352790 PGM: apInterPTs={000000000d2d7000,00000000bbb0f000} apInterPaePTs={00000001283b1000,0000000185b7e000} apInterPaePDs={0000000185b7f000,0000000211ee6000,0000000211ee7000,00000001a08ca000} pInterPaePDPT64=0000000001fa5000
00:00:00.352798 PGM: Host paging mode: AMD64+NX
00:00:00.352808 PGM: PGMPool: cMaxPages=64 (u64MaxPages=64)
00:00:00.352812 PGM: pgmR3PoolInit: cMaxPages=0x40 cMaxUsers=0x80 cMaxPhysExts=0x80 fCacheEnable=true 
00:00:00.353707 TM: GIP - u32Mode=3 (Invariant) u32UpdateHz=83 u32UpdateIntervalNS=12000000 enmUseTscDelta=2 (Pratically Zero) fGetGipCpu=0xb cCpus=4
00:00:00.353721 TM: GIP - u64CpuHz=2 400 008 109 (0x8f0d37ad)  SUPGetCpuHzFromGip => 2 400 008 109
00:00:00.353727 TM: GIP - CPU: iCpuSet=0x0 idCpu=0x0 idApic=0x0 iGipCpu=0x1 i64TSCDelta=0 enmState=3 u64CpuHz=2399995308(*) cErrors=0
00:00:00.353733 TM: GIP - CPU: iCpuSet=0x1 idCpu=0x1 idApic=0x2 iGipCpu=0x3 i64TSCDelta=0 enmState=3 u64CpuHz=2400008109(*) cErrors=0
00:00:00.353744 TM: GIP - CPU: iCpuSet=0x2 idCpu=0x2 idApic=0x1 iGipCpu=0x2 i64TSCDelta=0 enmState=3 u64CpuHz=2400008109(*) cErrors=0
00:00:00.353749 TM: GIP - CPU: iCpuSet=0x3 idCpu=0x3 idApic=0x3 iGipCpu=0x0 i64TSCDelta=0 enmState=3 u64CpuHz=2400008109(*) cErrors=0
00:00:00.353791 TM: cTSCTicksPerSecond=2 400 008 109 (0x8f0d37ad) enmTSCMode=3 (Dynamic)
00:00:00.353793 TM: TSCTiedToExecution=false TSCNotTiedToHalt=false
00:00:00.354084 VMM: CoreCode: R3=00007fbe58000000 R0=XXXXXXXXXXXXXXXX RC=a0189000 Phys=00000000a5c14000 cb=0x1000
00:00:00.354229 IEM: TargetCpu=CURRENT, Microarch=Intel_Core7_Skylake
00:00:00.354312 GIM: Using provider 'None' (Implementation version: 0)
00:00:00.410627 AIOMgr: Default manager type is 'Async'
00:00:00.410643 AIOMgr: Default file backend is 'NonBuffered'
00:00:00.410950 BlkCache: Cache successfully initialized. Cache size is 5242880 bytes
00:00:00.410958 BlkCache: Cache commit interval is 10000 ms
00:00:00.410960 BlkCache: Cache commit threshold is 2621440 bytes
00:00:00.412274 PcBios: [SMP] BIOS with 1 CPUs
00:00:00.412291 PcBios: Using the 386+ BIOS image.
00:00:00.412757 PcBios: fCheckShutdownStatusForSoftReset=true   fClearShutdownStatusOnHardReset=true 
00:00:00.415982 SUP: Loaded VBoxDDR0.r0 (/usr/lib/virtualbox/VBoxDDR0.r0) at 0xXXXXXXXXXXXXXXXX - ModuleInit at XXXXXXXXXXXXXXXX and ModuleTerm at XXXXXXXXXXXXXXXX
00:00:00.416225 CPUM: SetGuestCpuIdFeature: Enabled xAPIC
00:00:00.416384 PIT: mode=3 count=0x10000 (65536) - 18.20 Hz (ch=0)
00:00:00.418460 Shared Folders service loaded
00:00:00.419890 VGA: Using the 386+ BIOS image.
00:00:00.421304 DrvVD: Flushes will be ignored
00:00:00.421316 DrvVD: Async flushes will be passed to the disk
00:00:00.421421 VD: VDInit finished
00:00:00.421444 VD: Opening the disk took 120759 ns
00:00:00.421480 PIIX3 ATA: LUN#0: disk, PCHS=120/4/17, total number of sectors 8192
00:00:00.421487 PIIX3 ATA: LUN#1: no unit
00:00:00.421512 PIIX3 ATA: LUN#2: no unit
00:00:00.421515 PIIX3 ATA: LUN#3: no unit
00:00:00.421566 PIIX3 ATA: Ctl#0: finished processing RESET
00:00:00.421598 PIIX3 ATA: Ctl#1: finished processing RESET
00:00:00.428331 NAT: Guest address guess set to 10.0.2.15 by initialization
00:00:00.428426 NAT: resolv.conf: nameserver 218.201.4.3
00:00:00.428432 NAT: resolv.conf: nameserver 218.201.17.2
00:00:00.428441 NAT: DNS#0: 218.201.4.3
00:00:00.428445 NAT: DNS#1: 218.201.17.2
00:00:00.429197 Audio: Initializing PulseAudio driver
00:00:00.435276 Audio: Host audio backend supports 64 output streams and 64 input streams at once
00:00:00.435314 Audio: Initializing VRDE driver
00:00:00.435323 Audio: Host audio backend supports 1 output streams and 2 input streams at once
00:00:00.435332 AC97: Reset
00:00:00.439639 PGM: The CPU physical address width is 39 bits
00:00:00.439660 PGM: PGMR3InitFinalize: 4 MB PSE mask 0000007fffffffff
00:00:00.439694 TM: TMR3InitFinalize: fTSCModeSwitchAllowed=false
00:00:00.442410 VMM: Enabled thread-context hooks
00:00:00.442410 HM: Using VT-x implementation 2.0
00:00:00.442410 HM: Host CR4                        = 0x360670
00:00:00.442410 HM: Host EFER                       = 0xd01
00:00:00.442410 HM: MSR_IA32_SMM_MONITOR_CTL        = 0x0
00:00:00.442410 HM: MSR_IA32_FEATURE_CONTROL        = 0x5
00:00:00.442410 HM: MSR_IA32_VMX_BASIC_INFO         = 0xda040000000004
00:00:00.442410 HM:   VMCS id                         = 0x4
00:00:00.442410 HM:   VMCS size                       = 1024 bytes
00:00:00.442410 HM:   VMCS physical address limit     = None
00:00:00.442410 HM:   VMCS memory type                = 0x6
00:00:00.442410 HM:   Dual-monitor treatment support  = true 
00:00:00.442410 HM:   OUTS & INS instruction-info     = true 
00:00:00.442410 HM: Max resume loops                = 8192
00:00:00.442410 HM: MSR_IA32_VMX_PINBASED_CTLS      = 0x7f00000016
00:00:00.442410 HM:   EXT_INT_EXIT
00:00:00.442410 HM:   NMI_EXIT
00:00:00.442410 HM:   VIRTUAL_NMI
00:00:00.442410 HM:   PREEMPT_TIMER
00:00:00.442410 HM:   POSTED_INTR (must be cleared)
00:00:00.442410 HM: MSR_IA32_VMX_PROCBASED_CTLS     = 0xfff9fffe0401e172
00:00:00.442410 HM:   INT_WINDOW_EXIT
00:00:00.442410 HM:   USE_TSC_OFFSETTING
00:00:00.442410 HM:   HLT_EXIT
00:00:00.442410 HM:   INVLPG_EXIT
00:00:00.442410 HM:   MWAIT_EXIT
00:00:00.442410 HM:   RDPMC_EXIT
00:00:00.442410 HM:   RDTSC_EXIT
00:00:00.442410 HM:   CR3_LOAD_EXIT (must be set)
00:00:00.442410 HM:   CR3_STORE_EXIT (must be set)
00:00:00.442410 HM:   CR8_LOAD_EXIT
00:00:00.442410 HM:   CR8_STORE_EXIT
00:00:00.442410 HM:   USE_TPR_SHADOW
00:00:00.442410 HM:   NMI_WINDOW_EXIT
00:00:00.442410 HM:   MOV_DR_EXIT
00:00:00.442410 HM:   UNCOND_IO_EXIT
00:00:00.442410 HM:   USE_IO_BITMAPS
00:00:00.442410 HM:   MONITOR_TRAP_FLAG
00:00:00.442410 HM:   USE_MSR_BITMAPS
00:00:00.442410 HM:   MONITOR_EXIT
00:00:00.442410 HM:   PAUSE_EXIT
00:00:00.442410 HM:   USE_SECONDARY_EXEC_CTRL
00:00:00.442410 HM: MSR_IA32_VMX_PROCBASED_CTLS2    = 0x1fbcff00000000
00:00:00.442410 HM:   VIRT_APIC
00:00:00.442410 HM:   EPT
00:00:00.442410 HM:   DESCRIPTOR_TABLE_EXIT
00:00:00.442410 HM:   RDTSCP
00:00:00.442410 HM:   VIRT_X2APIC
00:00:00.442410 HM:   VPID
00:00:00.442410 HM:   WBINVD_EXIT
00:00:00.442410 HM:   UNRESTRICTED_GUEST
00:00:00.442410 HM:   APIC_REG_VIRT (must be cleared)
00:00:00.442410 HM:   VIRT_INTR_DELIVERY (must be cleared)
00:00:00.442410 HM:   PAUSE_LOOP_EXIT
00:00:00.442410 HM:   RDRAND_EXIT
00:00:00.442410 HM:   INVPCID
00:00:00.442410 HM:   VMFUNC
00:00:00.442410 HM:   VMCS_SHADOWING (must be cleared)
00:00:00.442410 HM:   ENCLS_EXIT
00:00:00.442410 HM:   RDSEED_EXIT
00:00:00.442410 HM:   PML
00:00:00.442410 HM:   EPT_VE
00:00:00.442410 HM:   CONCEAL_FROM_PT
00:00:00.442410 HM:   XSAVES_XRSTORS
00:00:00.442410 HM:   TSC_SCALING (must be cleared)
00:00:00.442410 HM: MSR_IA32_VMX_ENTRY_CTLS         = 0x3ffff000011ff
00:00:00.442410 HM:   LOAD_DEBUG (must be set)
00:00:00.442410 HM:   IA32E_MODE_GUEST
00:00:00.442410 HM:   ENTRY_SMM
00:00:00.442410 HM:   DEACTIVATE_DUALMON
00:00:00.442410 HM:   LOAD_GUEST_PERF_MSR
00:00:00.442410 HM:   LOAD_GUEST_PAT_MSR
00:00:00.442410 HM:   LOAD_GUEST_EFER_MSR
00:00:00.442410 HM: MSR_IA32_VMX_EXIT_CTLS          = 0x1ffffff00036dff
00:00:00.442410 HM:   SAVE_DEBUG (must be set)
00:00:00.442410 HM:   HOST_ADDR_SPACE_SIZE
00:00:00.442410 HM:   LOAD_PERF_MSR
00:00:00.442410 HM:   ACK_EXT_INT
00:00:00.442410 HM:   SAVE_GUEST_PAT_MSR
00:00:00.442410 HM:   LOAD_HOST_PAT_MSR
00:00:00.442410 HM:   SAVE_GUEST_EFER_MSR
00:00:00.442410 HM:   LOAD_HOST_EFER_MSR
00:00:00.442410 HM:   SAVE_VMX_PREEMPT_TIMER
00:00:00.442410 HM: MSR_IA32_VMX_EPT_VPID_CAP       = 0xf0106334141
00:00:00.442410 HM:   RWX_X_ONLY
00:00:00.442410 HM:   PAGE_WALK_LENGTH_4
00:00:00.442410 HM:   EMT_UC
00:00:00.442410 HM:   EMT_WB
00:00:00.442410 HM:   PDE_2M
00:00:00.442410 HM:   PDPTE_1G
00:00:00.442410 HM:   INVEPT
00:00:00.442410 HM:   EPT_ACCESS_DIRTY
00:00:00.442410 HM:   INVEPT_SINGLE_CONTEXT
00:00:00.442410 HM:   INVEPT_ALL_CONTEXTS
00:00:00.442410 HM:   INVVPID
00:00:00.442410 HM:   INVVPID_INDIV_ADDR
00:00:00.442410 HM:   INVVPID_SINGLE_CONTEXT
00:00:00.442410 HM:   INVVPID_ALL_CONTEXTS
00:00:00.442410 HM:   INVVPID_SINGLE_CONTEXT_RETAIN_GLOBALS
00:00:00.442410 HM: MSR_IA32_VMX_MISC               = 0x7004c1e7
00:00:00.442410 HM:   PREEMPT_TSC_BIT                 = 0x7
00:00:00.442410 HM:   STORE_EFERLMA_VMEXIT            = true 
00:00:00.442410 HM:   ACTIVITY_STATES                 = 0x7
00:00:00.442410 HM:   CR3_TARGET                      = 0x4
00:00:00.442410 HM:   MAX_MSR                         = 512
00:00:00.442410 HM:   RDMSR_SMBASE_MSR_SMM            = true 
00:00:00.442410 HM:   SMM_MONITOR_CTL_B2              = true 
00:00:00.442410 HM:   VMWRITE_VMEXIT_INFO             = true 
00:00:00.442410 HM:   MSEG_ID                         = 0x0
00:00:00.442410 HM: MSR_IA32_VMX_CR0_FIXED0         = 0x80000021
00:00:00.442410 HM: MSR_IA32_VMX_CR0_FIXED1         = 0xffffffff
00:00:00.442410 HM: MSR_IA32_VMX_CR4_FIXED0         = 0x2000
00:00:00.442410 HM: MSR_IA32_VMX_CR4_FIXED1         = 0x3727ff
00:00:00.442410 HM: MSR_IA32_VMX_VMCS_ENUM          = 0x2e
00:00:00.442410 HM:   HIGHEST_INDEX                   = 0x17
00:00:00.442410 HM: MSR_IA32_VMX_VMFUNC             = 0x1
00:00:00.442410 HM:   EPTP_SWITCHING
00:00:00.442410 HM: APIC-access page physaddr       = 0x0000000002373000
00:00:00.442410 HM: VCPU  0: MSR bitmap physaddr    = 0x00000000022ec000
00:00:00.442410 HM: VCPU  0: VMCS physaddr          = 0x0000000002354000
00:00:00.442410 HM: Guest support: 32-bit only
00:00:00.442410 HM: Supports VMCS EFER fields       = true 
00:00:00.442410 HM: Enabled VMX
00:00:00.442410 CPUM: SetGuestCpuIdFeature: Enabled SYSENTER/EXIT
00:00:00.442410 HM: Enabled nested paging
00:00:00.442410 HM:   EPT flush type                = VMXFLUSHEPT_SINGLE_CONTEXT
00:00:00.442410 HM: Enabled unrestricted guest execution
00:00:00.442410 HM: Enabled VPID
00:00:00.442410 HM:   VPID flush type               = VMXFLUSHVPID_SINGLE_CONTEXT
00:00:00.442410 HM: Enabled VMX-preemption timer (cPreemptTimerShift=7)
00:00:00.442410 HM: VT-x/AMD-V init method: GLOBAL
00:00:00.442410 CPUM: VCPU  0: Cached APIC base MSR = 0xfee00900
00:00:00.442410 VMM: fUsePeriodicPreemptionTimers=false
00:00:00.442410 CPUM: Logical host processors: 4 present, 4 max, 4 online, online mask: 000000000000000f
00:00:00.442410 CPUM: Physical host cores: 2
00:00:00.442410 ************************* CPUID dump ************************
00:00:00.442410          Raw Standard CPUID Leaves
00:00:00.442410      Leaf/sub-leaf  eax      ebx      ecx      edx
00:00:00.442410 Gst: 00000000/0000  00000016 756e6547 6c65746e 49656e69
00:00:00.442410 Hst:                00000016 756e6547 6c65746e 49656e69
00:00:00.442410 Gst: 00000001/0000  000406e3 00000800 56d8220b 078bfbbf
00:00:00.442410 Hst:                000406e3 02100800 7ffafbbf bfebfbff
00:00:00.442410 Gst: 00000002/0000  76036301 00f0b5ff 00000000 00c30000
00:00:00.442410 Hst:                76036301 00f0b5ff 00000000 00c30000
00:00:00.442410 Gst: 00000003/0000  00000000 00000000 00000000 00000000
00:00:00.442410 Hst:                00000000 00000000 00000000 00000000
00:00:00.442410 Gst: 00000004/0000  00000121 01c0003f 0000003f 00000000
00:00:00.442410 Hst:                1c004121 01c0003f 0000003f 00000000
00:00:00.442410 Gst: 00000004/0001  00000122 01c0003f 0000003f 00000000
00:00:00.442410 Hst:                1c004122 01c0003f 0000003f 00000000
00:00:00.442410 Gst: 00000004/0002  00000143 00c0003f 000003ff 00000000
00:00:00.442410 Hst:                1c004143 00c0003f 000003ff 00000000
00:00:00.442410 Gst: 00000004/0003  00000163 02c0003f 00000fff 00000006
00:00:00.442410 Hst:                1c03c163 02c0003f 00000fff 00000006
00:00:00.442410 Gst: 00000004/0004  00000000 00000000 00000000 00000000
00:00:00.442410 Hst:                00000000 00000000 00000000 00000000
00:00:00.442410 Gst: 00000005/0000  00000040 00000040 00000000 00000000
00:00:00.442410 Hst:                00000040 00000040 00000003 11142120
00:00:00.442410 Gst: 00000006/0000  00000000 00000000 00000000 00000000
00:00:00.442410 Hst:                000027f7 00000002 00000009 00000000
00:00:00.442410 Gst: 00000007/0000  00000000 00842000 00000000 00000000
00:00:00.442410 Hst:                00000000 029c67af 00000000 00000000
00:00:00.442410 Gst: 00000007/0001  00000000 00000000 00000000 00000000
00:00:00.442410 Hst:                00000000 00000000 00000000 00000000
00:00:00.442410 Gst: 00000008/0000  00000000 00000000 00000000 00000000
00:00:00.442410 Hst:                00000000 00000000 00000000 00000000
00:00:00.442410 Gst: 00000009/0000  00000000 00000000 00000000 00000000
00:00:00.442410 Hst:                00000000 00000000 00000000 00000000
00:00:00.442410 Gst: 0000000a/0000  00000000 00000000 00000000 00000000
00:00:00.442410 Hst:                07300404 00000000 00000000 00000603
00:00:00.442410 Gst: 0000000b/0000  00000000 00000001 00000100 00000000
00:00:00.442410 Hst:                00000001 00000002 00000100 00000002
00:00:00.442410 Gst: 0000000b/0001  00000001 00000001 00000201 00000000
00:00:00.442410 Hst:                00000004 00000004 00000201 00000002
00:00:00.442410 Gst: 0000000b/0002  00000000 00000000 00000002 00000000
00:00:00.442410 Hst:                00000000 00000000 00000002 00000002
00:00:00.442410 Gst: 0000000c/0000  00000000 00000000 00000000 00000000
00:00:00.442410 Hst:                00000000 00000000 00000000 00000000
00:00:00.442410 Gst: 0000000d/0000  00000007 00000440 00000440 00000000
00:00:00.442410 Hst:                0000001f 00000440 00000440 00000000
00:00:00.442410 Gst: 0000000d/0001  00000000 000003c0 00000000 00000000
00:00:00.442410 Hst:                0000000f 000003c0 00000100 00000000
00:00:00.442410 Gst: 0000000d/0002  00000100 00000240 00000000 00000000
00:00:00.442410 Hst:                00000100 00000240 00000000 00000000
00:00:00.442410 Gst: 0000000d/0003  00000000 00000000 00000000 00000000
00:00:00.442410 Hst:                00000040 000003c0 00000000 00000000
00:00:00.442410 Gst: 0000000d/0004  00000000 00000000 00000000 00000000
00:00:00.442410 Hst:                00000040 00000400 00000000 00000000
00:00:00.442410 Gst: 0000000d/0005  00000000 00000000 00000000 00000000
00:00:00.442410 Hst:                00000000 00000000 00000000 00000000
00:00:00.442410 Gst: 0000000d/0006  00000000 00000000 00000000 00000000
00:00:00.442410 Hst:                00000000 00000000 00000000 00000000
00:00:00.442410 Gst: 0000000d/0007  00000000 00000000 00000000 00000000
00:00:00.442410 Hst:                00000000 00000000 00000000 00000000
00:00:00.442410 Gst: 0000000d/0008  00000000 00000000 00000000 00000000
00:00:00.442410 Hst:                00000080 00000000 00000001 00000000
00:00:00.442410 Gst: 0000000d/0009  00000000 00000000 00000000 00000000
00:00:00.442410 Hst:                00000000 00000000 00000000 00000000
00:00:00.442410 Gst: 0000000e/0000  00000000 00000000 00000000 00000000
00:00:00.442410 Hst:                00000000 00000000 00000000 00000000
00:00:00.442410 Gst: 0000000f/0000  00000000 00000000 00000000 00000000
00:00:00.442410 Hst:                00000000 00000000 00000000 00000000
00:00:00.442410 Gst: 00000010/0000  00000000 00000000 00000000 00000000
00:00:00.442410 Hst:                00000000 00000000 00000000 00000000
00:00:00.442410 Gst: 00000011/0000  00000000 00000000 00000000 00000000
00:00:00.442410 Hst:                00000000 00000000 00000000 00000000
00:00:00.442410 Gst: 00000012/0000  00000000 00000000 00000000 00000000
00:00:00.442410 Hst:                00000000 00000000 00000000 00000000
00:00:00.442410 Gst: 00000013/0000  00000000 00000000 00000000 00000000
00:00:00.442410 Hst:                00000000 00000000 00000000 00000000
00:00:00.442410 Gst: 00000014/0000  00000000 00000000 00000000 00000000
00:00:00.442410 Hst:                00000001 0000000f 00000007 00000000
00:00:00.442410 Hst: 00000015/0000  00000002 000000c8 00000000 00000000
00:00:00.442410 Hst: 00000016/0000  00000960 00000af0 00000064 00000000
00:00:00.442410                                Name: GenuineIntel
00:00:00.442410                            Supports: 0x00000000-0x00000016
00:00:00.442410                              Family:  6 	Extended: 0 	Effective: 6
00:00:00.442410                               Model: 14 	Extended: 4 	Effective: 78
00:00:00.442410                            Stepping: 3
00:00:00.442410                                Type: 0 (primary)
00:00:00.442410                             APIC ID: 0x00
00:00:00.442410                        Logical CPUs: 0
00:00:00.442410                        CLFLUSH Size: 8
00:00:00.442410                            Brand ID: 0x00
00:00:00.442410 Features
00:00:00.442410   Mnemonic - Description                                  = guest (host)
00:00:00.442410   FPU - x87 FPU on Chip                                   = 1 (1)
00:00:00.442410   VME - Virtual 8086 Mode Enhancements                    = 1 (1)
00:00:00.442410   DE - Debugging extensions                               = 1 (1)
00:00:00.442410   PSE - Page Size Extension                               = 1 (1)
00:00:00.442410   TSC - Time Stamp Counter                                = 1 (1)
00:00:00.442410   MSR - Model Specific Registers                          = 1 (1)
00:00:00.442410   PAE - Physical Address Extension                        = 0 (1)
00:00:00.442410   MCE - Machine Check Exception                           = 1 (1)
00:00:00.442410   CX8 - CMPXCHG8B instruction                             = 1 (1)
00:00:00.442410   APIC - APIC On-Chip                                     = 1 (1)
00:00:00.442410   SEP - SYSENTER and SYSEXIT Present                      = 1 (1)
00:00:00.442410   MTRR - Memory Type Range Registers                      = 1 (1)
00:00:00.442410   PGE - PTE Global Bit                                    = 1 (1)
00:00:00.442410   MCA - Machine Check Architecture                        = 1 (1)
00:00:00.442410   CMOV - Conditional Move instructions                    = 1 (1)
00:00:00.442410   PAT - Page Attribute Table                              = 1 (1)
00:00:00.442410   PSE-36 - 36-bit Page Size Extension                     = 1 (1)
00:00:00.442410   PSN - Processor Serial Number                           = 0 (0)
00:00:00.442410   CLFSH - CLFLUSH instruction                             = 1 (1)
00:00:00.442410   DS - Debug Store                                        = 0 (1)
00:00:00.442410   ACPI - Thermal Mon. & Soft. Clock Ctrl.                 = 0 (1)
00:00:00.442410   MMX - Intel MMX Technology                              = 1 (1)
00:00:00.442410   FXSR - FXSAVE and FXRSTOR instructions                  = 1 (1)
00:00:00.442410   SSE - SSE support                                       = 1 (1)
00:00:00.442410   SSE2 - SSE2 support                                     = 1 (1)
00:00:00.442410   SS - Self Snoop                                         = 0 (1)
00:00:00.442410   HTT - Hyper-Threading Technology                        = 0 (1)
00:00:00.442410   TM - Therm. Monitor                                     = 0 (1)
00:00:00.442410   PBE - Pending Break Enabled                             = 0 (1)
00:00:00.442410   SSE3 - SSE3 support                                     = 1 (1)
00:00:00.442410   PCLMUL - PCLMULQDQ support (for AES-GCM)                = 1 (1)
00:00:00.442410   DTES64 - DS Area 64-bit Layout                          = 0 (1)
00:00:00.442410   MONITOR - MONITOR/MWAIT instructions                    = 1 (1)
00:00:00.442410   CPL-DS - CPL Qualified Debug Store                      = 0 (1)
00:00:00.442410   VMX - Virtual Machine Extensions                        = 0 (1)
00:00:00.442410   SMX - Safer Mode Extensions                             = 0 (0)
00:00:00.442410   EST - Enhanced SpeedStep Technology                     = 0 (1)
00:00:00.442410   TM2 - Terminal Monitor 2                                = 0 (1)
00:00:00.442410   SSSE3 - Supplemental Streaming SIMD Extensions 3        = 1 (1)
00:00:00.442410   CNTX-ID - L1 Context ID                                 = 0 (0)
00:00:00.442410   SDBG - Silicon Debug interface                          = 0 (1)
00:00:00.442410   FMA - Fused Multiply Add extensions                     = 0 (1)
00:00:00.442410   CX16 - CMPXCHG16B instruction                           = 1 (1)
00:00:00.442410   TPRUPDATE - xTPR Update Control                         = 0 (1)
00:00:00.442410   PDCM - Perf/Debug Capability MSR                        = 0 (1)
00:00:00.442410   PCID - Process Context Identifiers                      = 0 (1)
00:00:00.442410   DCA - Direct Cache Access                               = 0 (0)
00:00:00.442410   SSE4_1 - SSE4_1 support                                 = 1 (1)
00:00:00.442410   SSE4_2 - SSE4_2 support                                 = 1 (1)
00:00:00.442410   X2APIC - x2APIC support                                 = 0 (1)
00:00:00.442410   MOVBE - MOVBE instruction                               = 1 (1)
00:00:00.442410   POPCNT - POPCNT instruction                             = 1 (1)
00:00:00.442410   TSCDEADL - Time Stamp Counter Deadline                  = 0 (1)
00:00:00.442410   AES - AES instructions                                  = 1 (1)
00:00:00.442410   XSAVE - XSAVE instruction                               = 1 (1)
00:00:00.442410   OSXSAVE - OSXSAVE instruction                           = 0 (1)
00:00:00.442410   AVX - AVX support                                       = 1 (1)
00:00:00.442410   F16C - 16-bit floating point conversion instructions    = 0 (1)
00:00:00.442410   RDRAND - RDRAND instruction                             = 1 (1)
00:00:00.442410   HVP - Hypervisor Present (we're a guest)                = 0 (0)
00:00:00.442410 Structured Extended Feature Flags Enumeration (leaf 7):
00:00:00.442410   Mnemonic - Description                                  = guest (host)
00:00:00.442410   FSGSBASE - RDFSBASE/RDGSBASE/WRFSBASE/WRGSBASE instr.   = 0 (1)
00:00:00.442410   TSCADJUST - Supports MSR_IA32_TSC_ADJUST                = 0 (1)
00:00:00.442410   SGX - Supports Software Guard Extensions                = 0 (1)
00:00:00.442410   BMI1 - Advanced Bit Manipulation extension 1            = 0 (1)
00:00:00.442410   HLE - Hardware Lock Elision                             = 0 (0)
00:00:00.442410   AVX2 - Advanced Vector Extensions 2                     = 0 (1)
00:00:00.442410   FDP_EXCPTN_ONLY - FPU DP only updated on exceptions     = 0 (0)
00:00:00.442410   SMEP - Supervisor Mode Execution Prevention             = 0 (1)
00:00:00.442410   BMI2 - Advanced Bit Manipulation extension 2            = 0 (1)
00:00:00.442410   ERMS - Enhanced REP MOVSB/STOSB instructions            = 0 (1)
00:00:00.442410   INVPCID - INVPCID instruction                           = 0 (1)
00:00:00.442410   RTM - Restricted Transactional Memory                   = 0 (0)
00:00:00.442410   PQM - Platform Quality of Service Monitoring            = 0 (0)
00:00:00.442410   DEPFPU_CS_DS - Deprecates FPU CS, FPU DS values if set  = 1 (1)
00:00:00.442410   MPE - Intel Memory Protection Extensions                = 0 (1)
00:00:00.442410   PQE - Platform Quality of Service Enforcement           = 0 (0)
00:00:00.442410   AVX512F - AVX512 Foundation instructions                = 0 (0)
00:00:00.442410   RDSEED - RDSEED instruction                             = 1 (1)
00:00:00.442410   ADX - ADCX/ADOX instructions                            = 0 (1)
00:00:00.442410   SMAP - Supervisor Mode Access Prevention                = 0 (1)
00:00:00.442410   CLFLUSHOPT - CLFLUSHOPT (Cache Line Flush) instruction  = 1 (1)
00:00:00.442410   INTEL_PT - Intel Processor Trace                        = 0 (1)
00:00:00.442410   AVX512PF - AVX512 Prefetch instructions                 = 0 (0)
00:00:00.442410   AVX512ER - AVX512 Exponential & Reciprocal instructions = 0 (0)
00:00:00.442410   AVX512CD - AVX512 Conflict Detection instructions       = 0 (0)
00:00:00.442410   SHA - Secure Hash Algorithm extensions                  = 0 (0)
00:00:00.442410   PREFETCHWT1 - PREFETCHWT1 instruction                   = 0 (0)
00:00:00.442410   PKU - Protection Key for Usermode pages                 = 0 (0)
00:00:00.442410   OSPKU - CR4.PKU mirror                                  = 0 (0)
00:00:00.442410 Processor Extended State Enumeration (leaf 0xd):
00:00:00.442410    XSAVE area cur/max size by XCR0, guest: 0x440/0x440
00:00:00.442410     XSAVE area cur/max size by XCR0, host: 0x440/0x440
00:00:00.442410                    Valid XCR0 bits, guest: 0x00000000`00000007 ( x87 SSE YMM_Hi128 )
00:00:00.442410                     Valid XCR0 bits, host: 0x00000000`0000001f ( x87 SSE YMM_Hi128 BNDREGS BNDCSR )
00:00:00.442410                     XSAVE features, guest:
00:00:00.442410                      XSAVE features, host: XSAVEOPT XSAVEC XGETBC1 XSAVES
00:00:00.442410       XSAVE area cur size XCR0|XSS, guest: 0x3c0
00:00:00.442410        XSAVE area cur size XCR0|XSS, host: 0x3c0
00:00:00.442410                Valid IA32_XSS bits, guest: 0x00000000`00000000
00:00:00.442410                 Valid IA32_XSS bits, host: 0x00000100`00000000 ( 40 )
00:00:00.442410   State #2, guest: off=0x0240, cb=0x0100 IA32_XSS-bit -- YMM_Hi128
00:00:00.442410   State #2, host:  off=0x0240, cb=0x0100 IA32_XSS-bit -- YMM_Hi128
00:00:00.442410   State #3, host:  off=0x03c0, cb=0x0040 IA32_XSS-bit -- BNDREGS
00:00:00.442410   State #4, host:  off=0x0400, cb=0x0040 IA32_XSS-bit -- BNDCSR
00:00:00.442410   State #8, host:  off=0x0000, cb=0x0080 XCR0-bit -- 8
00:00:00.442410          Unknown CPUID Leaves
00:00:00.442410      Leaf/sub-leaf  eax      ebx      ecx      edx
00:00:00.442410 Gst: 00000014/0001  00000000 00000000 00000000 00000000
00:00:00.442410 Hst:                02490002 003f3fff 00000000 00000000
00:00:00.442410 Gst: 00000014/0002  00000000 00000000 00000000 00000000
00:00:00.442410 Hst:                00000000 00000000 00000000 00000000
00:00:00.442410 Gst: 00000015/0000  00000000 00000000 00000000 00000000
00:00:00.442410 Hst:                00000002 000000c8 00000000 00000000
00:00:00.442410 Gst: 00000016/0000  00000000 00000000 00000000 00000000
00:00:00.442410 Hst:                00000960 00000af0 00000064 00000000
00:00:00.442410          Raw Extended CPUID Leaves
00:00:00.442410      Leaf/sub-leaf  eax      ebx      ecx      edx
00:00:00.442410 Gst: 80000000/0000  80000008 00000000 00000000 00000000
00:00:00.442410 Hst:                80000008 00000000 00000000 00000000
00:00:00.442410 Gst: 80000001/0000  00000000 00000000 00000121 08000000
00:00:00.442410 Hst:                00000000 00000000 00000121 2c100800
00:00:00.442411 Gst: 80000002/0000  65746e49 2952286c 726f4320 4d542865
00:00:00.442411 Hst:                65746e49 2952286c 726f4320 4d542865
00:00:00.442411 Gst: 80000003/0000  35692029 3032362d 43205530 40205550
00:00:00.442411 Hst:                35692029 3032362d 43205530 40205550
00:00:00.442411 Gst: 80000004/0000  332e3220 7a484730 00000000 00000000
00:00:00.442411 Hst:                332e3220 7a484730 00000000 00000000
00:00:00.442411 Gst: 80000005/0000  00000000 00000000 00000000 00000000
00:00:00.442411 Hst:                00000000 00000000 00000000 00000000
00:00:00.442411 Gst: 80000006/0000  00000000 00000000 01006040 00000000
00:00:00.442411 Hst:                00000000 00000000 01006040 00000000
00:00:00.442411 Gst: 80000007/0000  00000000 00000000 00000000 00000100
00:00:00.442411 Hst:                00000000 00000000 00000000 00000100
00:00:00.442411 Gst: 80000008/0000  00003027 00000000 00000000 00000000
00:00:00.442411 Hst:                00003027 00000000 00000000 00000000
00:00:00.442411 Ext Name:                        
00:00:00.442411 Ext Supports:                    0x80000000-0x80000008
00:00:00.442411 Family:                          0  	Extended: 0 	Effective: 0
00:00:00.442411 Model:                           0  	Extended: 0 	Effective: 0
00:00:00.442411 Stepping:                        0
00:00:00.442411 Brand ID:                        0x000
00:00:00.442411 Ext Features
00:00:00.442411   Mnemonic - Description                                  = guest (host)
00:00:00.442411   FPU - x87 FPU on Chip                                   = 0 (0)
00:00:00.442411   VME - Virtual 8086 Mode Enhancements                    = 0 (0)
00:00:00.442411   DE - Debugging extensions                               = 0 (0)
00:00:00.442411   PSE - Page Size Extension                               = 0 (0)
00:00:00.442411   TSC - Time Stamp Counter                                = 0 (0)
00:00:00.442411   MSR - K86 Model Specific Registers                      = 0 (0)
00:00:00.442411   PAE - Physical Address Extension                        = 0 (0)
00:00:00.442411   MCE - Machine Check Exception                           = 0 (0)
00:00:00.442411   CX8 - CMPXCHG8B instruction                             = 0 (0)
00:00:00.442411   APIC - APIC On-Chip                                     = 0 (0)
00:00:00.442411   SEP - SYSCALL/SYSRET                                    = 0 (1)
00:00:00.442411   MTRR - Memory Type Range Registers                      = 0 (0)
00:00:00.442411   PGE - PTE Global Bit                                    = 0 (0)
00:00:00.442411   MCA - Machine Check Architecture                        = 0 (0)
00:00:00.442411   CMOV - Conditional Move instructions                    = 0 (0)
00:00:00.442411   PAT - Page Attribute Table                              = 0 (0)
00:00:00.442411   PSE-36 - 36-bit Page Size Extension                     = 0 (0)
00:00:00.442411   NX - No-Execute/Execute-Disable                         = 0 (1)
00:00:00.442411   AXMMX - AMD Extensions to MMX instructions              = 0 (0)
00:00:00.442411   MMX - Intel MMX Technology                              = 0 (0)
00:00:00.442411   FXSR - FXSAVE and FXRSTOR Instructions                  = 0 (0)
00:00:00.442411   FFXSR - AMD fast FXSAVE and FXRSTOR instructions        = 0 (0)
00:00:00.442411   Page1GB - 1 GB large page                               = 0 (1)
00:00:00.442411   RDTSCP - RDTSCP instruction                             = 1 (1)
00:00:00.442411   LM - AMD64 Long Mode                                    = 0 (1)
00:00:00.442411   3DNOWEXT - AMD Extensions to 3DNow                      = 0 (0)
00:00:00.442411   3DNOW - AMD 3DNow                                       = 0 (0)
00:00:00.442411   LahfSahf - LAHF/SAHF support in 64-bit mode             = 1 (1)
00:00:00.442411   CmpLegacy - Core multi-processing legacy mode           = 0 (0)
00:00:00.442411   SVM - AMD Secure Virtual Machine extensions             = 0 (0)
00:00:00.442411   EXTAPIC - AMD Extended APIC registers                   = 0 (0)
00:00:00.442411   CR8L - AMD LOCK MOV CR0 means MOV CR8                   = 0 (0)
00:00:00.442411   ABM - AMD Advanced Bit Manipulation                     = 1 (1)
00:00:00.442411   SSE4A - SSE4A instructions                              = 0 (0)
00:00:00.442411   MISALIGNSSE - AMD Misaligned SSE mode                   = 0 (0)
00:00:00.442411   3DNOWPRF - AMD PREFETCH and PREFETCHW instructions      = 1 (1)
00:00:00.442411   OSVW - AMD OS Visible Workaround                        = 0 (0)
00:00:00.442411   IBS - Instruct Based Sampling                           = 0 (0)
00:00:00.442411   XOP - Extended Operation support                        = 0 (0)
00:00:00.442411   SKINIT - SKINIT, STGI, and DEV support                  = 0 (0)
00:00:00.442411   WDT - AMD Watchdog Timer support                        = 0 (0)
00:00:00.442411   LWP - Lightweight Profiling support                     = 0 (0)
00:00:00.442411   FMA4 - Four operand FMA instruction support             = 0 (0)
00:00:00.442411   NodeId - NodeId in MSR C001_100C                        = 0 (0)
00:00:00.442411   TBM - Trailing Bit Manipulation instructions            = 0 (0)
00:00:00.442411   TOPOEXT - Topology Extensions                           = 0 (0)
00:00:00.442411 Full Name:                       "Intel(R) Core(TM) i5-6200U CPU @ 2.30GHz"
00:00:00.442411 TLB 2/4M Instr/Uni:              res0     0 entries
00:00:00.442411 TLB 2/4M Data:                   res0     0 entries
00:00:00.442411 TLB 4K Instr/Uni:                res0     0 entries
00:00:00.442411 TLB 4K Data:                     res0     0 entries
00:00:00.442411 L1 Instr Cache Line Size:        0 bytes
00:00:00.442411 L1 Instr Cache Lines Per Tag:    0
00:00:00.442411 L1 Instr Cache Associativity:    res0  
00:00:00.442411 L1 Instr Cache Size:             0 KB
00:00:00.442411 L1 Data Cache Line Size:         0 bytes
00:00:00.442411 L1 Data Cache Lines Per Tag:     0
00:00:00.442411 L1 Data Cache Associativity:     res0  
00:00:00.442411 L1 Data Cache Size:              0 KB
00:00:00.442411 L2 TLB 2/4M Instr/Uni:           off       0 entries
00:00:00.442411 L2 TLB 2/4M Data:                off       0 entries
00:00:00.442411 L2 TLB 4K Instr/Uni:             off       0 entries
00:00:00.442411 L2 TLB 4K Data:                  off       0 entries
00:00:00.442411 L2 Cache Line Size:              0 bytes
00:00:00.442411 L2 Cache Lines Per Tag:          0
00:00:00.442411 L2 Cache Associativity:          off   
00:00:00.442411 L2 Cache Size:                   0 KB
00:00:00.442411 APM Features:                    TscInvariant
00:00:00.442411 Host Invariant-TSC support:      true 
00:00:00.442411 Physical Address Width:          39 bits
00:00:00.442411 Virtual Address Width:           48 bits
00:00:00.442411 Guest Physical Address Width:    0 bits
00:00:00.442411 Physical Core Count:             1
00:00:00.442411 
00:00:00.442411 ******************** End of CPUID dump **********************
00:00:00.448315 PcBios: ATA LUN#0 LCHS=8/16/63
00:00:00.448346 APIC: fPostedIntrsEnabled=false fVirtApicRegsEnabled=false fSupportsTscDeadline=false
00:00:00.448372 VMEmt: Halt method global1 (5)
00:00:00.448383 VMEmt: HaltedGlobal1 config: cNsSpinBlockThresholdCfg=2000
00:00:00.448390 Changing the VM state from 'CREATING' to 'CREATED'
00:00:00.449735 Changing the VM state from 'CREATED' to 'POWERING_ON'
00:00:00.449857 Changing the VM state from 'POWERING_ON' to 'RUNNING'
00:00:00.449865 Console: Machine state changed to 'Running'
00:00:00.452547 VMMDev: Guest Log: BIOS: VirtualBox 5.1.30
00:00:00.454605 PIT: mode=2 count=0x10000 (65536) - 18.20 Hz (ch=0)
00:00:00.470165 Display::handleDisplayResize: uScreenId=0 pvVRAM=0000000000000000 w=720 h=400 bpp=0 cbLine=0x0 flags=0x0
00:00:00.470245 GUI: UIFrameBufferPrivate::NotifyChange: Screen=0, Origin=0x0, Size=720x400, Sending to async-handler
00:00:00.470275 GUI: UIMachineView::sltHandleNotifyChange: Screen=0, Size=720x400
00:00:00.470285 GUI: UIFrameBufferPrivate::handleNotifyChange: Size=720x400
00:00:00.470290 GUI: UIFrameBufferPrivate::performResize: Size=720x400, Directly using source bitmap content
00:00:00.472850 PIIX3 ATA: Ctl#0: RESET, DevSel=0 AIOIf=0 CmdIf0=0x00 (-1 usec ago) CmdIf1=0x00 (-1 usec ago)
00:00:00.472910 PIIX3 ATA: Ctl#0: finished processing RESET
00:00:00.473219 VMMDev: Guest Log: BIOS: ata0-0: PCHS=120/4/17 LCHS=8/16/63
00:00:00.473866 PIIX3 ATA: Ctl#0: RESET, DevSel=1 AIOIf=0 CmdIf0=0xec (-1 usec ago) CmdIf1=0x00 (-1 usec ago)
00:00:00.474449 PIIX3 ATA: Ctl#0: finished processing RESET
00:00:00.485623 PIT: mode=2 count=0x48d3 (18643) - 64.00 Hz (ch=0)
00:00:00.494038 Display::handleDisplayResize: uScreenId=0 pvVRAM=00007fbdfaf9e000 w=640 h=480 bpp=32 cbLine=0xA00 flags=0x0
00:00:00.494107 GUI: UIFrameBufferPrivate::NotifyChange: Screen=0, Origin=0x0, Size=640x480, Sending to async-handler
00:00:00.494155 GUI: UIMachineView::sltHandleNotifyChange: Screen=0, Size=640x480
00:00:00.494165 GUI: UIFrameBufferPrivate::handleNotifyChange: Size=640x480
00:00:00.494180 GUI: UIFrameBufferPrivate::performResize: Size=640x480, Directly using source bitmap content
00:00:00.632207 GUI: UIMachineViewNormal::resendSizeHint: Restoring guest size-hint for screen 0 to 800x600
00:00:00.632276 VMMDev: SetVideoModeHint: Got a video mode hint (800x600x32)@(0x0),(1;0) at 0
00:00:00.635663 GUI: 2D video acceleration is disabled
00:00:00.635700 GUI: HID LEDs sync is not supported on this platform
00:00:00.637946 GUI: UIMachineLogicNormal::sltCheckForRequestedVisualStateType: Requested-state=0, Machine-state=5
00:00:02.964372 Display::handleDisplayResize: uScreenId=0 pvVRAM=0000000000000000 w=720 h=400 bpp=0 cbLine=0x0 flags=0x0
00:00:02.964494 GUI: UIFrameBufferPrivate::NotifyChange: Screen=0, Origin=0x0, Size=720x400, Sending to async-handler
00:00:02.964616 GUI: UIMachineView::sltHandleNotifyChange: Screen=0, Size=720x400
00:00:02.964646 GUI: UIFrameBufferPrivate::handleNotifyChange: Size=720x400
00:00:02.964677 GUI: UIFrameBufferPrivate::performResize: Size=720x400, Directly using source bitmap content
00:00:02.983899 PIT: mode=2 count=0x10000 (65536) - 18.20 Hz (ch=0)
00:00:02.984217 VMMDev: Guest Log: BIOS: Boot : bseqnr=1, bootseq=0002
00:00:02.984563 VMMDev: Guest Log: BIOS: Booting from Hard Disk...
00:00:03.154037 Display::handleDisplayResize: uScreenId=0 pvVRAM=00007fbdfaf9e000 w=1024 h=768 bpp=8 cbLine=0x400 flags=0x0
00:00:03.154111 GUI: UIFrameBufferPrivate::NotifyChange: Screen=0, Origin=0x0, Size=1024x768, Sending to async-handler
00:00:03.154208 GUI: UIMachineView::sltHandleNotifyChange: Screen=0, Size=1024x768
00:00:03.154218 GUI: UIFrameBufferPrivate::handleNotifyChange: Size=1024x768
00:00:03.154228 GUI: UIFrameBufferPrivate::performResize: Size=1024x768, Directly using source bitmap content
00:00:03.159786 RTC: period=0x20 (32) 1024 Hz
00:00:04.848304 Changing the VM state from 'RUNNING' to 'SUSPENDING'
00:00:04.956894 PDMR3Suspend: 108 531 761 ns run time
00:00:04.956952 Changing the VM state from 'SUSPENDING' to 'SUSPENDED'
00:00:04.956983 Console: Machine state changed to 'Paused'
00:00:05.969286 GUI: Request for close-action to power VM off.
00:00:05.969342 GUI: Passing request to power VM off from machine-logic to UI session.
00:00:05.969352 GUI: Powering VM down on UI session power off request...
00:00:05.970249 Console: Machine state changed to 'Stopping'
00:00:05.970897 Console::powerDown(): A request to power off the VM has been issued (mMachineState=Stopping, InUninit=0)
00:00:05.970924 Display::handleDisplayResize: uScreenId=0 pvVRAM=00007fbdfaf9e000 w=1024 h=768 bpp=32 cbLine=0x400 flags=0x0
00:00:05.970976 GUI: UIFrameBufferPrivate::NotifyChange: Screen=0, Origin=0x0, Size=1024x768, Sending to async-handler
00:00:05.972006 Changing the VM state from 'SUSPENDED' to 'POWERING_OFF'
00:00:05.972047 ****************** Guest state at power off for VCpu 0 ******************
00:00:05.972085 Guest CPUM (VCPU 0) state: 
00:00:05.972092 eax=00000000 ebx=00000678 ecx=00000020 edx=00008904 esi=00000200 edi=00000200
00:00:05.972099 eip=0000030d esp=00000ffb ebp=00000000 iopl=0         nv up ei pl zr na po nc
00:00:05.972106 cs={0004 base=00000000005aa8bf limit=0000033f flags=00004099} dr0=00000000 dr1=00000000
00:00:05.972116 ds={000c base=00000000005aabff limit=0000002b flags=00004093} dr2=00000000 dr3=00000000
00:00:05.972124 es={0500 base=00000000005a6000 limit=00004fff flags=0000c093} dr4=00000000 dr5=00000000
00:00:05.972130 fs={0060 base=0000000000008000 limit=00001000 flags=00004093} dr6=ffff0ff0 dr7=00000400
00:00:05.972138 gs={0010 base=0000000000000000 limit=ffffffff flags=0000c093} cr0=00000019 cr2=00000000
00:00:05.972145 ss={002c base=00000000005a9000 limit=00000000 flags=00004097} cr3=00000000 cr4=00000000
00:00:05.972152 gdtr=0000000000010000:ffff  idtr=0000000000020000:ffff  eflags=00000206
00:00:05.972159 ldtr={0518 base=005a9fff limit=000003ff flags=00004082}
00:00:05.972164 tr  ={0520 base=00041206 limit=00000067 flags=0000008b}
00:00:05.972168 SysEnter={cs=0000 eip=00000000 esp=00000000}
00:00:05.972172 xcr=0000000000000001 xcr1=0000000000000000 xss=0000000000000000 (fXStateMask=0000000000000000)
00:00:05.972179 FCW=037f FSW=0000 FTW=0000 FOP=0000 MXCSR=00001f80 MXCSR_MASK=0000ffff
00:00:05.972185 FPUIP=00000000 CS=0000 Rsrvd1=0000  FPUDP=00000000 DS=0000 Rsvrd2=0000
00:00:05.972191 ST(0)=FPR0={0000'00000000'00000000} t0 +0.0000000000000000000000 * 2 ^ -16383 (*)
00:00:05.972203 ST(1)=FPR1={0000'00000000'00000000} t0 +0.0000000000000000000000 * 2 ^ -16383 (*)
00:00:05.972211 ST(2)=FPR2={0000'00000000'00000000} t0 +0.0000000000000000000000 * 2 ^ -16383 (*)
00:00:05.972218 ST(3)=FPR3={0000'00000000'00000000} t0 +0.0000000000000000000000 * 2 ^ -16383 (*)
00:00:05.972224 ST(4)=FPR4={0000'00000000'00000000} t0 +0.0000000000000000000000 * 2 ^ -16383 (*)
00:00:05.972230 ST(5)=FPR5={0000'00000000'00000000} t0 +0.0000000000000000000000 * 2 ^ -16383 (*)
00:00:05.972236 ST(6)=FPR6={0000'00000000'00000000} t0 +0.0000000000000000000000 * 2 ^ -16383 (*)
00:00:05.972242 ST(7)=FPR7={0000'00000000'00000000} t0 +0.0000000000000000000000 * 2 ^ -16383 (*)
00:00:05.972249 XMM0 =00000000'00000000'00000000'00000000  XMM1 =00000000'00000000'00000000'00000000
00:00:05.972260 XMM2 =00000000'00000000'00000000'00000000  XMM3 =00000000'00000000'00000000'00000000
00:00:05.972268 XMM4 =00000000'00000000'00000000'00000000  XMM5 =00000000'00000000'00000000'00000000
00:00:05.972276 XMM6 =00000000'00000000'00000000'00000000  XMM7 =00000000'00000000'00000000'00000000
00:00:05.972285 XMM8 =00000000'00000000'00000000'00000000  XMM9 =00000000'00000000'00000000'00000000
00:00:05.972293 XMM10=00000000'00000000'00000000'00000000  XMM11=00000000'00000000'00000000'00000000
00:00:05.972302 XMM12=00000000'00000000'00000000'00000000  XMM13=00000000'00000000'00000000'00000000
00:00:05.972310 XMM14=00000000'00000000'00000000'00000000  XMM15=00000000'00000000'00000000'00000000
00:00:05.972320 EFER         =0000000000000000
00:00:05.972322 PAT          =0007040600070406
00:00:05.972326 STAR         =0000000000000000
00:00:05.972328 CSTAR        =0000000000000000
00:00:05.972331 LSTAR        =0000000000000000
00:00:05.972333 SFMASK       =0000000000000000
00:00:05.972335 KERNELGSBASE =0000000000000000
00:00:05.972340 ***
00:00:05.972364 Guest paging mode (VCPU #0):  Protected (changed 6 times), A20 enabled (changed 2 times)
00:00:05.972371 Shadow paging mode (VCPU #0): EPT
00:00:05.972374 Host paging mode:              AMD64+NX
00:00:05.972377 ***
00:00:05.972382 Active Timers (pVM=00007fbe4800a000)
00:00:05.972386 pTimerR3         offNext  offPrev  offSched Clock               Time             Expire HzHint State                     Description
00:00:05.972398 00007fbe1e4e3340 00007fe0 00000000 00000000 Real            37697998           37696893      0 2-ACTIVE                  VGA Refresh Timer
00:00:05.972412 00007fbe1e4eb320 ffffff80 ffff8020 00000000 Real            37697998           37696896      0 2-ACTIVE                  EMT Yielder
00:00:05.972424 00007fbe1e4eb2a0 00000000 00000080 00000000 Real            37697998           37697466      0 2-ACTIVE                  CPU Load Timer
00:00:05.972435 00007fbe1e4e7a10 00000000 00000000 00000000 Virt          4507787033         4399145861      0 2-ACTIVE                  DevIchAc97
00:00:05.972446 00007fbe1e4d50c0 fffffaa0 00000000 00000000 VrSy          4397490582         4398437501   1024 2-ACTIVE                  MC146818 RTC/CMOS - Periodic
00:00:05.972457 00007fbe1e4d4b60 000005e0 00000560 00000000 VrSy          4397490582         4401198941     18 2-ACTIVE                  i8254 Programmable Interval Timer
00:00:05.972468 00007fbe1e4d5140 00015f80 fffffa20 00000000 VrSy          4397490582         4990000000      0 2-ACTIVE                  MC146818 RTC/CMOS - Second
00:00:05.972479 00007fbe1e4eb0c0 00000000 fffea080 00000000 VrSy          4397490582       599932015941      0 2-ACTIVE                  ACPI PM Timer
00:00:05.972490 ***
00:00:05.972498 ************** End of Guest state at power off ***************
00:00:05.974389 PDMR3PowerOff: 1 848 502 ns run time
00:00:05.974389 Changing the VM state from 'POWERING_OFF' to 'OFF'
00:00:05.979876 Changing the VM state from 'OFF' to 'DESTROYING'
00:00:05.979973 ************************* Statistics *************************
00:00:05.980056 /CPUM/MSR-Totals/Reads                  0 times
00:00:05.980063 /CPUM/MSR-Totals/ReadsRaisingGP         0 times
00:00:05.980067 /CPUM/MSR-Totals/ReadsUnknown           0 times
00:00:05.980070 /CPUM/MSR-Totals/Writes                 0 times
00:00:05.980074 /CPUM/MSR-Totals/WritesRaisingGP        0 times
00:00:05.980078 /CPUM/MSR-Totals/WritesToIgnoredBits        0 times
00:00:05.980082 /CPUM/MSR-Totals/WritesUnknown          0 times
00:00:05.980085 /Devices/IDE0/ATA0/Unit0/AtapiDMA        0 times
00:00:05.980089 /Devices/IDE0/ATA0/Unit0/AtapiPIO        0 times
00:00:05.980093 /Devices/IDE0/ATA0/Unit0/DMA            0 times
00:00:05.980096 /Devices/IDE0/ATA0/Unit0/PIO          643 times
00:00:05.980100 /Devices/IDE0/ATA0/Unit0/ReadBytes   328704 bytes
00:00:05.980104 /Devices/IDE0/ATA0/Unit0/WrittenBytes        0 bytes
00:00:05.980108 /Devices/IDE0/ATA0/Unit1/AtapiDMA        0 times
00:00:05.980112 /Devices/IDE0/ATA0/Unit1/AtapiPIO        0 times
00:00:05.980115 /Devices/IDE0/ATA0/Unit1/DMA            0 times
00:00:05.980119 /Devices/IDE0/ATA0/Unit1/PIO            0 times
00:00:05.980122 /Devices/IDE0/ATA0/Unit1/ReadBytes        0 bytes
00:00:05.980126 /Devices/IDE0/ATA0/Unit1/WrittenBytes        0 bytes
00:00:05.980130 /Devices/IDE0/ATA1/Unit0/AtapiDMA        0 times
00:00:05.980133 /Devices/IDE0/ATA1/Unit0/AtapiPIO        0 times
00:00:05.980137 /Devices/IDE0/ATA1/Unit0/DMA            0 times
00:00:05.980141 /Devices/IDE0/ATA1/Unit0/PIO            0 times
00:00:05.980144 /Devices/IDE0/ATA1/Unit0/ReadBytes        0 bytes
00:00:05.980148 /Devices/IDE0/ATA1/Unit0/WrittenBytes        0 bytes
00:00:05.980152 /Devices/IDE0/ATA1/Unit1/AtapiDMA        0 times
00:00:05.980155 /Devices/IDE0/ATA1/Unit1/AtapiPIO        0 times
00:00:05.980159 /Devices/IDE0/ATA1/Unit1/DMA            0 times
00:00:05.980163 /Devices/IDE0/ATA1/Unit1/PIO            0 times
00:00:05.980166 /Devices/IDE0/ATA1/Unit1/ReadBytes        0 bytes
00:00:05.980170 /Devices/IDE0/ATA1/Unit1/WrittenBytes        0 bytes
00:00:05.980184 /Devices/PCNet0/ReceiveBytes            0 bytes
00:00:05.980188 /Devices/PCNet0/TransmitBytes           0 bytes
00:00:05.980192 /Devices/VMMDev/BalloonChunks           0 count
00:00:05.980196 /FT/Checkpoint/Network                  0 times
00:00:05.980200 /FT/Checkpoint/Storage                  0 times
00:00:05.980204 /FT/Received/Mem                        0 bytes
00:00:05.980208 /FT/Received/State                      0 bytes
00:00:05.980212 /FT/Sent/Mem                            0 bytes
00:00:05.980216 /FT/Sent/State                          0 bytes
00:00:05.980220 /FT/Sync/DeltaMem                       0 times
00:00:05.980224 /FT/Sync/DeltaVM                        0 times
00:00:05.980228 /FT/Sync/Full                           0 times
00:00:05.980232 /GMM/VM/Allocated/cBasePages         1625 pages
00:00:05.980236 /GMM/VM/Allocated/cFixedPages           0 pages
00:00:05.980240 /GMM/VM/Allocated/cShadowPages          0 pages
00:00:05.980244 /GMM/VM/Reserved/cBasePages         16542 pages
00:00:05.980248 /GMM/VM/Reserved/cFixedPages         2564 pages
00:00:05.980252 /GMM/VM/Reserved/cShadowPages           1 pages
00:00:05.980255 /GMM/VM/cBalloonedPages                 0 pages
00:00:05.980259 /GMM/VM/cMaxBalloonedPages              0 pages
00:00:05.980262 /GMM/VM/cPrivatePages                1625 pages
00:00:05.980266 /GMM/VM/cReqActuallyBalloonedPages        0 pages
00:00:05.980270 /GMM/VM/cReqBalloonedPages              0 pages
00:00:05.980274 /GMM/VM/cReqDeflatePages                0 pages
00:00:05.980277 /GMM/VM/cShareableModules               0 count
00:00:05.980281 /GMM/VM/cSharedPages                    0 pages
00:00:05.980285 /GMM/VM/enmPolicy                       1 
00:00:05.980289 /GMM/VM/enmPriority                     2 
00:00:05.980293 /GMM/VM/fBallooningEnabled       false    
00:00:05.980297 /GMM/VM/fMayAllocate             true     
00:00:05.980301 /GMM/VM/fSharedPagingEnabled     false    
00:00:05.980304 /GMM/cAllocatedPages                 1625 pages
00:00:05.980308 /GMM/cBalloonedPages                    0 pages
00:00:05.980312 /GMM/cChunks                            4 count
00:00:05.980316 /GMM/cDuplicatePages                    0 pages
00:00:05.980320 /GMM/cFreedChunks                       0 count
00:00:05.980324 /GMM/cLeftBehindSharedPages             0 pages
00:00:05.980327 /GMM/cMaxPages                   4294967295 pages
00:00:05.980332 /GMM/cOverCommittedPages                0 pages
00:00:05.980336 /GMM/cReservedPages                 19107 pages
00:00:05.980340 /GMM/cShareableModules                  0 count
00:00:05.980343 /GMM/cSharedPages                       0 pages
00:00:05.980347 /GVMM/EMTs                              1 calls
00:00:05.980351 /GVMM/HostCPUs                          4 calls
00:00:05.980355 /GVMM/HostCpus/0                        0 
00:00:05.980359 /GVMM/HostCpus/0/CurTimerHz             0 Hz
00:00:05.980363 /GVMM/HostCpus/0/DesiredHz              0 Hz
00:00:05.980367 /GVMM/HostCpus/0/PPTChanges             0 times
00:00:05.980371 /GVMM/HostCpus/0/PPTStarts              0 times
00:00:05.980375 /GVMM/HostCpus/0/idxCpuSet              0 
00:00:05.980379 /GVMM/HostCpus/1                        1 
00:00:05.980383 /GVMM/HostCpus/1/CurTimerHz             0 Hz
00:00:05.980387 /GVMM/HostCpus/1/DesiredHz              0 Hz
00:00:05.980392 /GVMM/HostCpus/1/PPTChanges             0 times
00:00:05.980396 /GVMM/HostCpus/1/PPTStarts              0 times
00:00:05.980400 /GVMM/HostCpus/1/idxCpuSet              1 
00:00:05.980404 /GVMM/HostCpus/2                        2 
00:00:05.980409 /GVMM/HostCpus/2/CurTimerHz             0 Hz
00:00:05.980413 /GVMM/HostCpus/2/DesiredHz              0 Hz
00:00:05.980417 /GVMM/HostCpus/2/PPTChanges             0 times
00:00:05.980421 /GVMM/HostCpus/2/PPTStarts              0 times
00:00:05.980425 /GVMM/HostCpus/2/idxCpuSet              2 
00:00:05.980430 /GVMM/HostCpus/3                        3 
00:00:05.980434 /GVMM/HostCpus/3/CurTimerHz             0 Hz
00:00:05.980438 /GVMM/HostCpus/3/DesiredHz              0 Hz
00:00:05.980442 /GVMM/HostCpus/3/PPTChanges             0 times
00:00:05.980451 /GVMM/HostCpus/3/PPTStarts              0 times
00:00:05.980456 /GVMM/HostCpus/3/idxCpuSet              3 
00:00:05.980460 /GVMM/Sum/HaltBlocking               3928 calls
00:00:05.980465 /GVMM/Sum/HaltCalls                  3937 calls
00:00:05.980469 /GVMM/Sum/HaltNotBlocking               9 calls
00:00:05.980473 /GVMM/Sum/HaltTimeouts               2272 calls
00:00:05.980478 /GVMM/Sum/HaltWakeUps                   0 calls
00:00:05.980482 /GVMM/Sum/PokeCalls                   150 calls
00:00:05.980487 /GVMM/Sum/PokeNotBusy                 148 calls
00:00:05.980491 /GVMM/Sum/PollCalls                     0 calls
00:00:05.980496 /GVMM/Sum/PollHalts                     0 calls
00:00:05.980500 /GVMM/Sum/PollWakeUps                   0 calls
00:00:05.980504 /GVMM/Sum/WakeUpCalls                1686 calls
00:00:05.980509 /GVMM/Sum/WakeUpNotHalted            1638 calls
00:00:05.980513 /GVMM/Sum/WakeUpWakeUps                 0 calls
00:00:05.980517 /GVMM/VM/HaltBlocking                3928 calls
00:00:05.980522 /GVMM/VM/HaltCalls                   3937 calls
00:00:05.980527 /GVMM/VM/HaltNotBlocking                9 calls
00:00:05.980531 /GVMM/VM/HaltTimeouts                2272 calls
00:00:05.980535 /GVMM/VM/HaltWakeUps                    0 calls
00:00:05.980540 /GVMM/VM/PokeCalls                    150 calls
00:00:05.980544 /GVMM/VM/PokeNotBusy                  148 calls
00:00:05.980549 /GVMM/VM/PollCalls                      0 calls
00:00:05.980553 /GVMM/VM/PollHalts                      0 calls
00:00:05.980557 /GVMM/VM/PollWakeUps                    0 calls
00:00:05.980562 /GVMM/VM/WakeUpCalls                 1686 calls
00:00:05.980566 /GVMM/VM/WakeUpNotHalted             1638 calls
00:00:05.980571 /GVMM/VM/WakeUpWakeUps                  0 calls
00:00:05.980575 /GVMM/VMs                               1 calls
00:00:05.980580 /HM/CPU0/Exit/HostNmiInGC               0 times
00:00:05.980585 /HM/CPU0/Switch/Preempting              0 times
00:00:05.980589 /IEM/CPU0/CodeTlb-Misses                0 count
00:00:05.980593 /IEM/CPU0/CodeTlb-PhysRev        ffffffffffff9c00 
00:00:05.980599 /IEM/CPU0/CodeTlb-Revision       fffff38000000000 
00:00:05.980604 /IEM/CPU0/CodeTlb-SlowReads             0 
00:00:05.980608 /IEM/CPU0/DataTlb-Misses                0 count
00:00:05.980612 /IEM/CPU0/DataTlb-PhysRev        ffffffffffff9c00 
00:00:05.980617 /IEM/CPU0/DataTlb-Revision       fffff38000000000 
00:00:05.980622 /IEM/CPU0/cInstructions              3311 count
00:00:05.980627 /IEM/CPU0/cLongJumps                    0 bytes
00:00:05.980631 /IEM/CPU0/cPendingCommit                0 bytes
00:00:05.980636 /IEM/CPU0/cPotentialExits           43200 count
00:00:05.980641 /IEM/CPU0/cRetAspectNotImplemented        0 count
00:00:05.980645 /IEM/CPU0/cRetErrStatuses               0 count
00:00:05.980649 /IEM/CPU0/cRetInfStatuses               0 count
00:00:05.980653 /IEM/CPU0/cRetInstrNotImplemented        0 count
00:00:05.980657 /IEM/CPU0/cbWritten                 77975 bytes
00:00:05.980662 /MM/HyperHeap/cbFree               861280 bytes
00:00:05.980667 /MM/HyperHeap/cbHeap              1048256 bytes
00:00:05.980672 /PDM/BlkCache/cbCached                  0 bytes
00:00:05.980677 /PDM/BlkCache/cbCachedFru               0 bytes
00:00:05.980681 /PDM/BlkCache/cbCachedMruIn             0 bytes
00:00:05.980685 /PDM/BlkCache/cbCachedMruOut            0 bytes
00:00:05.980689 /PDM/BlkCache/cbMax               5242880 bytes
00:00:05.980694 /PDM/CritSects/8237A#0Auto/ContentionR3        0 times
00:00:05.980698 /PDM/CritSects/8237A#0Auto/ContentionRZLock        0 times
00:00:05.980702 /PDM/CritSects/8237A#0Auto/ContentionRZUnlock        0 times
00:00:05.980707 /PDM/CritSects/ATA#0-Ctl/ContentionR3        0 times
00:00:05.980711 /PDM/CritSects/ATA#0-Ctl/ContentionRZLock        0 times
00:00:05.980715 /PDM/CritSects/ATA#0-Ctl/ContentionRZUnlock        0 times
00:00:05.980719 /PDM/CritSects/ATA#0-Req/ContentionR3        0 times
00:00:05.980723 /PDM/CritSects/ATA#0-Req/ContentionRZLock        0 times
00:00:05.980731 /PDM/CritSects/ATA#0-Req/ContentionRZUnlock        0 times
00:00:05.980736 /PDM/CritSects/ATA#1-Ctl/ContentionR3        0 times
00:00:05.980740 /PDM/CritSects/ATA#1-Ctl/ContentionRZLock        0 times
00:00:05.980744 /PDM/CritSects/ATA#1-Ctl/ContentionRZUnlock        0 times
00:00:05.980748 /PDM/CritSects/ATA#1-Req/ContentionR3        0 times
00:00:05.980752 /PDM/CritSects/ATA#1-Req/ContentionRZLock        0 times
00:00:05.980756 /PDM/CritSects/ATA#1-Req/ContentionRZUnlock        0 times
00:00:05.980760 /PDM/CritSects/EM-REM/ContentionR3        0 times
00:00:05.980765 /PDM/CritSects/EM-REM/ContentionRZLock        0 times
00:00:05.980769 /PDM/CritSects/EM-REM/ContentionRZUnlock        0 times
00:00:05.980773 /PDM/CritSects/FTM/ContentionR3         0 times
00:00:05.980777 /PDM/CritSects/FTM/ContentionRZLock        0 times
00:00:05.980781 /PDM/CritSects/FTM/ContentionRZUnlock        0 times
00:00:05.980785 /PDM/CritSects/MM-HYPER/ContentionR3        0 times
00:00:05.980789 /PDM/CritSects/MM-HYPER/ContentionRZLock        0 times
00:00:05.980793 /PDM/CritSects/MM-HYPER/ContentionRZUnlock        0 times
00:00:05.980798 /PDM/CritSects/NOP/ContentionR3         0 times
00:00:05.980802 /PDM/CritSects/NOP/ContentionRZLock        0 times
00:00:05.980806 /PDM/CritSects/NOP/ContentionRZUnlock        0 times
00:00:05.980810 /PDM/CritSects/OHCI#0Irq/ContentionR3        0 times
00:00:05.980814 /PDM/CritSects/OHCI#0Irq/ContentionRZLock        0 times
00:00:05.980819 /PDM/CritSects/OHCI#0Irq/ContentionRZUnlock        0 times
00:00:05.980823 /PDM/CritSects/PCNet#0/ContentionR3        0 times
00:00:05.980827 /PDM/CritSects/PCNet#0/ContentionRZLock        0 times
00:00:05.980831 /PDM/CritSects/PCNet#0/ContentionRZUnlock        0 times
00:00:05.980835 /PDM/CritSects/PDM/ContentionR3         0 times
00:00:05.980839 /PDM/CritSects/PDM/ContentionRZLock        0 times
00:00:05.980843 /PDM/CritSects/PDM/ContentionRZUnlock        0 times
00:00:05.980848 /PDM/CritSects/PGM/ContentionR3         0 times
00:00:05.980852 /PDM/CritSects/PGM/ContentionRZLock        0 times
00:00:05.980856 /PDM/CritSects/PGM/ContentionRZUnlock        0 times
00:00:05.980860 /PDM/CritSects/REM-Register/ContentionR3        0 times
00:00:05.980864 /PDM/CritSects/REM-Register/ContentionRZLock        0 times
00:00:05.980868 /PDM/CritSects/REM-Register/ContentionRZUnlock        0 times
00:00:05.980872 /PDM/CritSects/TM Timer Lock/ContentionR3        0 times
00:00:05.980877 /PDM/CritSects/TM Timer Lock/ContentionRZLock        0 times
00:00:05.980881 /PDM/CritSects/TM Timer Lock/ContentionRZUnlock        0 times
00:00:05.980885 /PDM/CritSects/TM VirtualSync Lock/ContentionR3        0 times
00:00:05.980889 /PDM/CritSects/TM VirtualSync Lock/ContentionRZLock        0 times
00:00:05.980893 /PDM/CritSects/TM VirtualSync Lock/ContentionRZUnlock        0 times
00:00:05.980898 /PDM/CritSects/VGA#0/ContentionR3        0 times
00:00:05.980902 /PDM/CritSects/VGA#0/ContentionRZLock        0 times
00:00:05.980906 /PDM/CritSects/VGA#0/ContentionRZUnlock        0 times
00:00:05.980910 /PDM/CritSects/VGA#0_IRQ/ContentionR3        0 times
00:00:05.980914 /PDM/CritSects/VGA#0_IRQ/ContentionRZLock        0 times
00:00:05.980918 /PDM/CritSects/VGA#0_IRQ/ContentionRZUnlock        0 times
00:00:05.980923 /PDM/CritSects/VMMDev#0/ContentionR3        0 times
00:00:05.980927 /PDM/CritSects/VMMDev#0/ContentionRZLock        0 times
00:00:05.980931 /PDM/CritSects/VMMDev#0/ContentionRZUnlock        0 times
00:00:05.980935 /PDM/CritSects/acpi#0/ContentionR3        0 times
00:00:05.980939 /PDM/CritSects/acpi#0/ContentionRZLock        0 times
00:00:05.980943 /PDM/CritSects/acpi#0/ContentionRZUnlock        0 times
00:00:05.980947 /PDM/CritSects/ichac97#0Auto/ContentionR3        0 times
00:00:05.980951 /PDM/CritSects/ichac97#0Auto/ContentionRZLock        0 times
00:00:05.980956 /PDM/CritSects/ichac97#0Auto/ContentionRZUnlock        0 times
00:00:05.980960 /PDM/CritSects/mc146818#0Auto/ContentionR3        0 times
00:00:05.980964 /PDM/CritSects/mc146818#0Auto/ContentionRZLock        0 times
00:00:05.980968 /PDM/CritSects/mc146818#0Auto/ContentionRZUnlock        0 times
00:00:05.980976 /PDM/CritSects/pcarch#0Auto/ContentionR3        0 times
00:00:05.980981 /PDM/CritSects/pcarch#0Auto/ContentionRZLock        0 times
00:00:05.980985 /PDM/CritSects/pcarch#0Auto/ContentionRZUnlock        0 times
00:00:05.980989 /PDM/CritSects/pcbios#0Auto/ContentionR3        0 times
00:00:05.980993 /PDM/CritSects/pcbios#0Auto/ContentionRZLock        0 times
00:00:05.980997 /PDM/CritSects/pcbios#0Auto/ContentionRZUnlock        0 times
00:00:05.981009 /PDM/CritSects/pckbd#0Auto/ContentionR3        0 times
00:00:05.981013 /PDM/CritSects/pckbd#0Auto/ContentionRZLock        0 times
00:00:05.981017 /PDM/CritSects/pckbd#0Auto/ContentionRZUnlock        0 times
00:00:05.981022 /PDM/CritSects/pit#0/ContentionR3        0 times
00:00:05.981026 /PDM/CritSects/pit#0/ContentionRZLock        0 times
00:00:05.981030 /PDM/CritSects/pit#0/ContentionRZUnlock        0 times
00:00:05.981034 /PDM/CritSects/usb-ohci#0Auto/ContentionR3        0 times
00:00:05.981038 /PDM/CritSects/usb-ohci#0Auto/ContentionRZLock        0 times
00:00:05.981042 /PDM/CritSects/usb-ohci#0Auto/ContentionRZUnlock        0 times
00:00:05.981047 /PDM/CritSectsRw/IOM Lock/ContentionR3EnterExcl        0 times
00:00:05.981051 /PDM/CritSectsRw/IOM Lock/ContentionR3EnterShared        0 times
00:00:05.981055 /PDM/CritSectsRw/IOM Lock/ContentionRZEnterExcl        0 times
00:00:05.981059 /PDM/CritSectsRw/IOM Lock/ContentionRZEnterShared        0 times
00:00:05.981063 /PDM/CritSectsRw/IOM Lock/ContentionRZLeaveExcl        0 times
00:00:05.981067 /PDM/CritSectsRw/IOM Lock/ContentionRZLeaveShared        0 times
00:00:05.981072 /PDM/CritSectsRw/IOM Lock/R3EnterExcl      192 times
00:00:05.981076 /PDM/CritSectsRw/IOM Lock/R3EnterShared     2807 times
00:00:05.981080 /PDM/CritSectsRw/IOM Lock/RZEnterExcl        0 times
00:00:05.981084 /PDM/CritSectsRw/IOM Lock/RZEnterShared   239592 times
00:00:05.981089 /PDM/Queue/DevHlp/AllocFailures         0 times
00:00:05.981093 /PDM/Queue/DevHlp/Flush                 0 calls
00:00:05.981097 /PDM/Queue/DevHlp/FlushLeftovers        0 times
00:00:05.981101 /PDM/Queue/DevHlp/Insert                0 calls
00:00:05.981106 /PDM/Queue/DevHlp/cItems                8 count
00:00:05.981110 /PDM/Queue/DevHlp/cbItem               64 bytes
00:00:05.981115 /PDM/Queue/Keyboard/AllocFailures        0 times
00:00:05.981119 /PDM/Queue/Keyboard/Flush               0 calls
00:00:05.981123 /PDM/Queue/Keyboard/FlushLeftovers        0 times
00:00:05.981127 /PDM/Queue/Keyboard/Insert              0 calls
00:00:05.981132 /PDM/Queue/Keyboard/cItems             64 count
00:00:05.981136 /PDM/Queue/Keyboard/cbItem             32 bytes
00:00:05.981141 /PDM/Queue/Mouse/AllocFailures          0 times
00:00:05.981145 /PDM/Queue/Mouse/Flush                  0 calls
00:00:05.981149 /PDM/Queue/Mouse/FlushLeftovers         0 times
00:00:05.981153 /PDM/Queue/Mouse/Insert                 0 calls
00:00:05.981158 /PDM/Queue/Mouse/cItems               128 count
00:00:05.981162 /PDM/Queue/Mouse/cbItem                48 bytes
00:00:05.981167 /PDM/Queue/PCNet-Rcv/AllocFailures        0 times
00:00:05.981171 /PDM/Queue/PCNet-Rcv/Flush              0 calls
00:00:05.981175 /PDM/Queue/PCNet-Rcv/FlushLeftovers        0 times
00:00:05.981179 /PDM/Queue/PCNet-Rcv/Insert             0 calls
00:00:05.981183 /PDM/Queue/PCNet-Rcv/cItems             1 count
00:00:05.981188 /PDM/Queue/PCNet-Rcv/cbItem            24 bytes
00:00:05.981192 /PDM/Queue/PCNet-Xmit/AllocFailures        0 times
00:00:05.981196 /PDM/Queue/PCNet-Xmit/Flush             0 calls
00:00:05.981200 /PDM/Queue/PCNet-Xmit/FlushLeftovers        0 times
00:00:05.981204 /PDM/Queue/PCNet-Xmit/Insert            0 calls
00:00:05.981209 /PDM/Queue/PCNet-Xmit/cItems            1 count
00:00:05.981213 /PDM/Queue/PCNet-Xmit/cbItem           24 bytes
00:00:05.981217 /PGM/CPU0/cA20Changes                   2 times
00:00:05.981222 /PGM/CPU0/cGuestModeChanges             6 times
00:00:05.981226 /PGM/ChunkR3Map/Mapped                  4 count
00:00:05.981231 /PGM/ChunkR3Map/Unmapped                0 count
00:00:05.981240 /PGM/ChunkR3Map/c                       4 count
00:00:05.981244 /PGM/ChunkR3Map/cMax             4294967295 count
00:00:05.981249 /PGM/LargePage/Recheck                  0 times
00:00:05.981254 /PGM/LargePage/Refused                  0 times
00:00:05.981258 /PGM/LargePage/Reused                   0 times
00:00:05.981264 /PGM/Page/cAllPages                 18981 count
00:00:05.981269 /PGM/Page/cBalloonedPages               0 count
00:00:05.981273 /PGM/Page/cHandyPages                  88 count
00:00:05.981277 /PGM/Page/cLargePages                   0 count
00:00:05.981282 /PGM/Page/cLargePagesDisabled           0 count
00:00:05.981286 /PGM/Page/cMonitoredPages               0 count
00:00:05.981290 /PGM/Page/cPrivatePages              4101 count
00:00:05.981295 /PGM/Page/cPureMmioPages                3 count
00:00:05.981299 /PGM/Page/cReadLockedPages              0 count
00:00:05.981304 /PGM/Page/cReusedSharedPages            0 count
00:00:05.981308 /PGM/Page/cSharedPages                  0 count
00:00:05.981312 /PGM/Page/cWriteLockedPages             0 count
00:00:05.981316 /PGM/Page/cWrittenToPages               0 count
00:00:05.981320 /PGM/Page/cZeroPages                14877 count
00:00:05.981325 /PGM/ShMod/Check                        0 ticks/call (           0 ticks,       0 times, max         0, min      -1)
00:00:05.981332 /PGM/cRelocations                       0 times
00:00:05.981337 /PROF/CPU0/EM/Capped                    0 ticks/call (           0 ticks,       0 times, max         0, min      -1)
00:00:05.981343 /PROF/CPU0/EM/ForcedActions          2223 times
00:00:05.981347 /PROF/CPU0/EM/Halted                 1635 times
00:00:05.981352 /PROF/CPU0/EM/RAWTotal                  0 times
00:00:05.981356 /PROF/CPU0/EM/REMTotal                  0 times
00:00:05.981360 /PROF/CPU0/EM/Total              10822497894 ticks/call ( 10822497894 ticks,       1 times, max 10822497894, min 10822497894)
00:00:05.981368 /PROF/CPU0/VM/Halt/Block           904561 ns/call (  3554926323 ticks,    3930 times, max   5690289, min       1)
00:00:05.981375 /PROF/CPU0/VM/Halt/BlockInsomnia        0 ns/call (           0 ticks,       0 times, max         0, min      -1)
00:00:05.981381 /PROF/CPU0/VM/Halt/BlockOnTime          0 ns/call (           0 ticks,       0 times, max         0, min      -1)
00:00:05.981386 /PROF/CPU0/VM/Halt/BlockOverslept        0 ns/call (           0 ticks,       0 times, max         0, min      -1)
00:00:05.981391 /PROF/CPU0/VM/Halt/Timers           14241 ns/call (    79326680 ticks,    5570 times, max   1911245, min       2)
00:00:05.981397 /PROF/CPU0/VM/Halt/Yield                0 ns/call (           0 ticks,       0 times, max         0, min      -1)
00:00:05.981403 /Public/Net/PCNet0/BytesReceived        0 bytes
00:00:05.981407 /Public/Net/PCNet0/BytesTransmitted        0 bytes
00:00:05.981411 /REM/TbFlushCount                       0 times
00:00:05.981416 /REM/TbPhysInvldCount                   0 times
00:00:05.981420 /REM/TlbFlushCount                      1 times
00:00:05.981425 /SELM/LoadHidSel/GstReadErrors          0 times
00:00:05.981429 /SELM/LoadHidSel/NoGoodGuest            0 times
00:00:05.981433 /TM/CPU/00/cNsExecuting          319531221 ns
00:00:05.981438 /TM/CPU/00/cNsHalted             3643298042 ns
00:00:05.981443 /TM/CPU/00/cNsOther              544962529 ns
00:00:05.981448 /TM/CPU/00/cNsTotal              4507791792 ns
00:00:05.981453 /TM/CPU/00/cPeriodsExecuting       200482 count
00:00:05.981457 /TM/CPU/00/cPeriodsHalted            1635 count
00:00:05.981462 /TM/CPU/00/pctExecuting                 9 %
00:00:05.981466 /TM/CPU/00/pctHalted                   81 %
00:00:05.981471 /TM/CPU/00/pctOther                     9 %
00:00:05.981475 /TM/CPU/pctExecuting                    9 %
00:00:05.981479 /TM/CPU/pctHalted                      81 %
00:00:05.981484 /TM/CPU/pctOther                        9 %
00:00:05.981489 /TM/MaxHzHint                           0 Hz
00:00:05.981494 /TM/R0/1nsSteps                      3009 times
00:00:05.981498 /TM/R3/1nsSteps                      3352 times
00:00:05.981507 /TM/TSC/offCPU0                         0 ticks
00:00:05.981512 /TM/VirtualSync/CurrentOffset      606853 ns
00:00:05.981517 /VUSB/0/cUrbsInPool                     0 count
00:00:05.981522 ********************* End of statistics **********************
00:00:05.985096 NAT: Zone(nm:mbuf_cluster, used:0)
00:00:05.985582 NAT: Zone(nm:mbuf_packet, used:0)
00:00:05.985591 NAT: Zone(nm:mbuf, used:0)
00:00:05.985596 NAT: Zone(nm:mbuf_jumbo_pagesize, used:0)
00:00:05.986018 NAT: Zone(nm:mbuf_jumbo_9k, used:0)
00:00:05.986233 NAT: Zone(nm:mbuf_jumbo_16k, used:0)
00:00:05.986333 NAT: Zone(nm:mbuf_ext_refcnt, used:0)
00:00:05.986625 GUI: UIMachineView::sltHandleNotifyChange: Screen=0, Size=1024x768
00:00:05.987585 Changing the VM state from 'DESTROYING' to 'TERMINATED'
00:00:05.991775 Console: Machine state changed to 'PoweredOff'
00:00:06.327670 GUI: Passing request to close Runtime UI from machine-logic to UI session.
